<?xml version="1.0" encoding="UTF-8"?><testsuites failures="0" name="dependency-check" tests="113">
          
  <testsuite failures="0" errors="0" time="0" id="0" name="/Users/timothylefkowitz/projects/provenance/package.json?/@ai-sdk/react:^3.0.210" package="@ai-sdk/react:3.0.210" skipped="0" tests="1" timestamp="2026-07-31T12:43:38.135881">
                
    <testcase classname="dependency-check" name="@ai-sdk/react:3.0.210"/>
        
  </testsuite>
          
  <testsuite failures="0" errors="0" time="0" id="1" name="/Users/timothylefkowitz/projects/provenance/package.json?/@dnd-kit/core:^6.3.1" package="@dnd-kit/core:6.3.1" skipped="0" tests="1" timestamp="2026-07-31T12:43:38.135881">
                
    <testcase classname="dependency-check" name="@dnd-kit/core:6.3.1"/>
        
  </testsuite>
          
  <testsuite failures="0" errors="0" time="0" id="2" name="/Users/timothylefkowitz/projects/provenance/package.json?/@dnd-kit/modifiers:^9.0.0" package="@dnd-kit/modifiers:9.0.0" skipped="0" tests="1" timestamp="2026-07-31T12:43:38.135881">
                
    <testcase classname="dependency-check" name="@dnd-kit/modifiers:9.0.0"/>
        
  </testsuite>
          
  <testsuite failures="0" errors="0" time="0" id="3" name="/Users/timothylefkowitz/projects/provenance/package.json?/@dnd-kit/sortable:^10.0.0" package="@dnd-kit/sortable:10.0.0" skipped="0" tests="1" timestamp="2026-07-31T12:43:38.135881">
                
    <testcase classname="dependency-check" name="@dnd-kit/sortable:10.0.0"/>
        
  </testsuite>
          
  <testsuite failures="0" errors="0" time="0" id="4" name="/Users/timothylefkowitz/projects/provenance/package.json?/@dnd-kit/utilities:^3.2.2" package="@dnd-kit/utilities:3.2.2" skipped="0" tests="1" timestamp="2026-07-31T12:43:38.135881">
                
    <testcase classname="dependency-check" name="@dnd-kit/utilities:3.2.2"/>
        
  </testsuite>
          
  <testsuite failures="0" errors="0" time="0" id="5" name="/Users/timothylefkowitz/projects/provenance/makerkit/nextjs-saas-starter-kit-lite/packages/ui/package.json?ui:0.1.0/@hookform/resolvers:^5.2.2" package="@hookform/resolvers:5.2.2" skipped="0" tests="1" timestamp="2026-07-31T12:43:38.135881">
                
    <testcase classname="dependency-check" name="@hookform/resolvers:5.2.2"/>
        
  </testsuite>
          
  <testsuite failures="0" errors="0" time="0" id="6" name="/Users/timothylefkowitz/projects/provenance/package.json?/@kit/accounts:workspace:*" package="@kit/accounts:0.1.0" skipped="0" tests="1" timestamp="2026-07-31T12:43:38.135881">
                
    <testcase classname="dependency-check" name="@kit/accounts:0.1.0"/>
        
  </testsuite>
          
  <testsuite failures="0" errors="0" time="0" id="7" name="/Users/timothylefkowitz/projects/provenance/apps/vehicles/package.json?vehicles:0.0.1/@kit/auth:workspace:*" package="@kit/auth:0.1.0" skipped="0" tests="1" timestamp="2026-07-31T12:43:38.135881">
                
    <testcase classname="dependency-check" name="@kit/auth:0.1.0"/>
        
  </testsuite>
          
  <testsuite failures="0" errors="0" time="0" id="8" name="/Users/timothylefkowitz/projects/provenance/apps/vehicles/package.json?vehicles:0.0.1/@kit/i18n:workspace:*" package="@kit/i18n:0.1.0" skipped="0" tests="1" timestamp="2026-07-31T12:43:38.135881">
                
    <testcase classname="dependency-check" name="@kit/i18n:0.1.0"/>
        
  </testsuite>
          
  <testsuite failures="0" errors="0" time="0" id="9" name="/Users/timothylefkowitz/projects/provenance/apps/vehicles/package.json?vehicles:0.0.1/@kit/next:workspace:*" package="@kit/next:0.1.0" skipped="0" tests="1" timestamp="2026-07-31T12:43:38.135881">
                
    <testcase classname="dependency-check" name="@kit/next:0.1.0"/>
        
  </testsuite>
          
  <testsuite failures="0" errors="0" time="0" id="10" name="/Users/timothylefkowitz/projects/provenance/apps/vehicles/package.json?vehicles:0.0.1/@kit/supabase:workspace:*" package="@kit/supabase:0.1.0" skipped="0" tests="1" timestamp="2026-07-31T12:43:38.135881">
                
    <testcase classname="dependency-check" name="@kit/supabase:0.1.0"/>
        
  </testsuite>
          
  <testsuite failures="0" errors="0" time="0" id="11" name="/Users/timothylefkowitz/projects/provenance/apps/vehicles/package.json?vehicles:0.0.1/@kit/ui:workspace:*" package="@kit/ui:0.1.0" skipped="0" tests="1" timestamp="2026-07-31T12:43:38.135881">
                
    <testcase classname="dependency-check" name="@kit/ui:0.1.0"/>
        
  </testsuite>
          
  <testsuite failures="0" errors="0" time="0" id="12" name="/Users/timothylefkowitz/projects/provenance/makerkit/nextjs-saas-starter-kit-lite/tooling/eslint/package.json?eslint-config:0.2.0/@next/eslint-plugin-next:15.5.4" package="@next/eslint-plugin-next:15.5.4" skipped="0" tests="1" timestamp="2026-07-31T12:43:38.135881">
                
    <testcase classname="dependency-check" name="@next/eslint-plugin-next:15.5.4"/>
        
  </testsuite>
          
  <testsuite failures="0" errors="0" time="0" id="13" name="/Users/timothylefkowitz/projects/provenance/makerkit/nextjs-saas-starter-kit-lite/packages/ui/package.json?ui:0.1.0/@radix-ui/react-accordion:1.2.12" package="@radix-ui/react-accordion:1.2.12" skipped="0" tests="1" timestamp="2026-07-31T12:43:38.135881">
                
    <testcase classname="dependency-check" name="@radix-ui/react-accordion:1.2.12"/>
        
  </testsuite>
          
  <testsuite failures="0" errors="0" time="0" id="14" name="/Users/timothylefkowitz/projects/provenance/makerkit/nextjs-saas-starter-kit-lite/packages/ui/package.json?ui:0.1.0/@radix-ui/react-alert-dialog:^1.1.15" package="@radix-ui/react-alert-dialog:1.1.15" skipped="0" tests="1" timestamp="2026-07-31T12:43:38.135881">
                
    <testcase classname="dependency-check" name="@radix-ui/react-alert-dialog:1.1.15"/>
        
  </testsuite>
          
  <testsuite failures="0" errors="0" time="0" id="15" name="/Users/timothylefkowitz/projects/provenance/makerkit/nextjs-saas-starter-kit-lite/packages/ui/package.json?ui:0.1.0/@radix-ui/react-avatar:^1.1.10" package="@radix-ui/react-avatar:1.1.10" skipped="0" tests="1" timestamp="2026-07-31T12:43:38.135881">
                
    <testcase classname="dependency-check" name="@radix-ui/react-avatar:1.1.10"/>
        
  </testsuite>
          
  <testsuite failures="0" errors="0" time="0" id="16" name="/Users/timothylefkowitz/projects/provenance/makerkit/nextjs-saas-starter-kit-lite/packages/ui/package.json?ui:0.1.0/@radix-ui/react-checkbox:^1.3.3" package="@radix-ui/react-checkbox:1.3.3" skipped="0" tests="1" timestamp="2026-07-31T12:43:38.135881">
                
    <testcase classname="dependency-check" name="@radix-ui/react-checkbox:1.3.3"/>
        
  </testsuite>
          
  <testsuite failures="0" errors="0" time="0" id="17" name="/Users/timothylefkowitz/projects/provenance/makerkit/nextjs-saas-starter-kit-lite/packages/ui/package.json?ui:0.1.0/@radix-ui/react-collapsible:1.1.12" package="@radix-ui/react-collapsible:1.1.12" skipped="0" tests="1" timestamp="2026-07-31T12:43:38.135881">
                
    <testcase classname="dependency-check" name="@radix-ui/react-collapsible:1.1.12"/>
        
  </testsuite>
          
  <testsuite failures="0" errors="0" time="0" id="18" name="/Users/timothylefkowitz/projects/provenance/makerkit/nextjs-saas-starter-kit-lite/packages/ui/package.json?ui:0.1.0/@radix-ui/react-dialog:^1.1.15" package="@radix-ui/react-dialog:1.1.15" skipped="0" tests="1" timestamp="2026-07-31T12:43:38.135881">
                
    <testcase classname="dependency-check" name="@radix-ui/react-dialog:1.1.15"/>
        
  </testsuite>
          
  <testsuite failures="0" errors="0" time="0" id="19" name="/Users/timothylefkowitz/projects/provenance/makerkit/nextjs-saas-starter-kit-lite/packages/ui/package.json?ui:0.1.0/@radix-ui/react-dropdown-menu:^2.1.16" package="@radix-ui/react-dropdown-menu:2.1.16" skipped="0" tests="1" timestamp="2026-07-31T12:43:38.135881">
                
    <testcase classname="dependency-check" name="@radix-ui/react-dropdown-menu:2.1.16"/>
        
  </testsuite>
          
  <testsuite failures="0" errors="0" time="0" id="20" name="/Users/timothylefkowitz/projects/provenance/makerkit/nextjs-saas-starter-kit-lite/packages/ui/package.json?ui:0.1.0/@radix-ui/react-label:^2.1.7" package="@radix-ui/react-label:2.1.7" skipped="0" tests="1" timestamp="2026-07-31T12:43:38.135881">
                
    <testcase classname="dependency-check" name="@radix-ui/react-label:2.1.7"/>
        
  </testsuite>
          
  <testsuite failures="0" errors="0" time="0" id="21" name="/Users/timothylefkowitz/projects/provenance/makerkit/nextjs-saas-starter-kit-lite/packages/ui/package.json?ui:0.1.0/@radix-ui/react-navigation-menu:^1.2.14" package="@radix-ui/react-navigation-menu:1.2.14" skipped="0" tests="1" timestamp="2026-07-31T12:43:38.135881">
                
    <testcase classname="dependency-check" name="@radix-ui/react-navigation-menu:1.2.14"/>
        
  </testsuite>
          
  <testsuite failures="0" errors="0" time="0" id="22" name="/Users/timothylefkowitz/projects/provenance/makerkit/nextjs-saas-starter-kit-lite/packages/ui/package.json?ui:0.1.0/@radix-ui/react-popover:^1.1.15" package="@radix-ui/react-popover:1.1.15" skipped="0" tests="1" timestamp="2026-07-31T12:43:38.135881">
                
    <testcase classname="dependency-check" name="@radix-ui/react-popover:1.1.15"/>
        
  </testsuite>
          
  <testsuite failures="0" errors="0" time="0" id="23" name="/Users/timothylefkowitz/projects/provenance/makerkit/nextjs-saas-starter-kit-lite/packages/ui/package.json?ui:0.1.0/@radix-ui/react-progress:^1.1.7" package="@radix-ui/react-progress:1.1.7" skipped="0" tests="1" timestamp="2026-07-31T12:43:38.135881">
                
    <testcase classname="dependency-check" name="@radix-ui/react-progress:1.1.7"/>
        
  </testsuite>
          
  <testsuite failures="0" errors="0" time="0" id="24" name="/Users/timothylefkowitz/projects/provenance/makerkit/nextjs-saas-starter-kit-lite/packages/ui/package.json?ui:0.1.0/@radix-ui/react-radio-group:^1.3.8" package="@radix-ui/react-radio-group:1.3.8" skipped="0" tests="1" timestamp="2026-07-31T12:43:38.135881">
                
    <testcase classname="dependency-check" name="@radix-ui/react-radio-group:1.3.8"/>
        
  </testsuite>
          
  <testsuite failures="0" errors="0" time="0" id="25" name="/Users/timothylefkowitz/projects/provenance/makerkit/nextjs-saas-starter-kit-lite/packages/ui/package.json?ui:0.1.0/@radix-ui/react-scroll-area:^1.2.10" package="@radix-ui/react-scroll-area:1.2.10" skipped="0" tests="1" timestamp="2026-07-31T12:43:38.135881">
                
    <testcase classname="dependency-check" name="@radix-ui/react-scroll-area:1.2.10"/>
        
  </testsuite>
          
  <testsuite failures="0" errors="0" time="0" id="26" name="/Users/timothylefkowitz/projects/provenance/makerkit/nextjs-saas-starter-kit-lite/packages/ui/package.json?ui:0.1.0/@radix-ui/react-select:^2.2.6" package="@radix-ui/react-select:2.2.6" skipped="0" tests="1" timestamp="2026-07-31T12:43:38.135881">
                
    <testcase classname="dependency-check" name="@radix-ui/react-select:2.2.6"/>
        
  </testsuite>
          
  <testsuite failures="0" errors="0" time="0" id="27" name="/Users/timothylefkowitz/projects/provenance/makerkit/nextjs-saas-starter-kit-lite/packages/ui/package.json?ui:0.1.0/@radix-ui/react-separator:^1.1.7" package="@radix-ui/react-separator:1.1.7" skipped="0" tests="1" timestamp="2026-07-31T12:43:38.135881">
                
    <testcase classname="dependency-check" name="@radix-ui/react-separator:1.1.7"/>
        
  </testsuite>
          
  <testsuite failures="0" errors="0" time="0" id="28" name="/Users/timothylefkowitz/projects/provenance/makerkit/nextjs-saas-starter-kit-lite/packages/ui/package.json?ui:0.1.0/@radix-ui/react-slot:^1.2.3" package="@radix-ui/react-slot:1.2.3" skipped="0" tests="1" timestamp="2026-07-31T12:43:38.135881">
                
    <testcase classname="dependency-check" name="@radix-ui/react-slot:1.2.3"/>
        
  </testsuite>
          
  <testsuite failures="0" errors="0" time="0" id="29" name="/Users/timothylefkowitz/projects/provenance/makerkit/nextjs-saas-starter-kit-lite/packages/ui/package.json?ui:0.1.0/@radix-ui/react-switch:^1.2.6" package="@radix-ui/react-switch:1.2.6" skipped="0" tests="1" timestamp="2026-07-31T12:43:38.135881">
                
    <testcase classname="dependency-check" name="@radix-ui/react-switch:1.2.6"/>
        
  </testsuite>
          
  <testsuite failures="0" errors="0" time="0" id="30" name="/Users/timothylefkowitz/projects/provenance/makerkit/nextjs-saas-starter-kit-lite/packages/ui/package.json?ui:0.1.0/@radix-ui/react-tabs:^1.1.13" package="@radix-ui/react-tabs:1.1.13" skipped="0" tests="1" timestamp="2026-07-31T12:43:38.135881">
                
    <testcase classname="dependency-check" name="@radix-ui/react-tabs:1.1.13"/>
        
  </testsuite>
          
  <testsuite failures="0" errors="0" time="0" id="31" name="/Users/timothylefkowitz/projects/provenance/makerkit/nextjs-saas-starter-kit-lite/packages/ui/package.json?ui:0.1.0/@radix-ui/react-toast:^1.2.15" package="@radix-ui/react-toast:1.2.15" skipped="0" tests="1" timestamp="2026-07-31T12:43:38.135881">
                
    <testcase classname="dependency-check" name="@radix-ui/react-toast:1.2.15"/>
        
  </testsuite>
          
  <testsuite failures="0" errors="0" time="0" id="32" name="/Users/timothylefkowitz/projects/provenance/makerkit/nextjs-saas-starter-kit-lite/packages/ui/package.json?ui:0.1.0/@radix-ui/react-tooltip:1.2.8" package="@radix-ui/react-tooltip:1.2.8" skipped="0" tests="1" timestamp="2026-07-31T12:43:38.135881">
                
    <testcase classname="dependency-check" name="@radix-ui/react-tooltip:1.2.8"/>
        
  </testsuite>
          
  <testsuite failures="0" errors="0" time="0" id="33" name="/Users/timothylefkowitz/projects/provenance/package.json?/@stripe/connect-js:^3.3.5" package="@stripe/connect-js:3.4.6" skipped="0" tests="1" timestamp="2026-07-31T12:43:38.135881">
                
    <testcase classname="dependency-check" name="@stripe/connect-js:3.4.6"/>
        
  </testsuite>
          
  <testsuite failures="0" errors="0" time="0" id="34" name="/Users/timothylefkowitz/projects/provenance/package.json?/@stripe/react-connect-js:^3.3.5" package="@stripe/react-connect-js:3.4.4" skipped="0" tests="1" timestamp="2026-07-31T12:43:38.135881">
                
    <testcase classname="dependency-check" name="@stripe/react-connect-js:3.4.4"/>
        
  </testsuite>
          
  <testsuite failures="0" errors="0" time="0" id="35" name="/Users/timothylefkowitz/projects/provenance/makerkit/nextjs-saas-starter-kit-lite/packages/supabase/package.json?supabase:0.1.0/@supabase/ssr:^0.7.0" package="@supabase/ssr:0.7.0" skipped="0" tests="1" timestamp="2026-07-31T12:43:38.135881">
                
    <testcase classname="dependency-check" name="@supabase/ssr:0.7.0"/>
        
  </testsuite>
          
  <testsuite failures="0" errors="0" time="0" id="36" name="/Users/timothylefkowitz/projects/provenance/package.json?/@supabase/supabase-js:2.75.0" package="@supabase/supabase-js:2.75.0" skipped="0" tests="1" timestamp="2026-07-31T12:43:38.135881">
                
    <testcase classname="dependency-check" name="@supabase/supabase-js:2.75.0"/>
        
  </testsuite>
          
  <testsuite failures="0" errors="0" time="0" id="37" name="/Users/timothylefkowitz/projects/provenance/package.json?/@tanstack/react-query:5.101.0" package="@tanstack/react-query:5.101.0" skipped="0" tests="1" timestamp="2026-07-31T12:43:38.135881">
                
    <testcase classname="dependency-check" name="@tanstack/react-query:5.101.0"/>
        
  </testsuite>
          
  <testsuite failures="0" errors="0" time="0" id="38" name="/Users/timothylefkowitz/projects/provenance/package.json?/@tiptap/extension-link:^3.27.1" package="@tiptap/extension-link:3.27.1" skipped="0" tests="1" timestamp="2026-07-31T12:43:38.135881">
                
    <testcase classname="dependency-check" name="@tiptap/extension-link:3.27.1"/>
        
  </testsuite>
          
  <testsuite failures="0" errors="0" time="0" id="39" name="/Users/timothylefkowitz/projects/provenance/package.json?/@tiptap/extension-placeholder:^3.27.1" package="@tiptap/extension-placeholder:3.27.1" skipped="0" tests="1" timestamp="2026-07-31T12:43:38.135881">
                
    <testcase classname="dependency-check" name="@tiptap/extension-placeholder:3.27.1"/>
        
  </testsuite>
          
  <testsuite failures="0" errors="0" time="0" id="40" name="/Users/timothylefkowitz/projects/provenance/package.json?/@tiptap/pm:^3.27.1" package="@tiptap/pm:3.27.1" skipped="0" tests="1" timestamp="2026-07-31T12:43:38.135881">
                
    <testcase classname="dependency-check" name="@tiptap/pm:3.27.1"/>
        
  </testsuite>
          
  <testsuite failures="0" errors="0" time="0" id="41" name="/Users/timothylefkowitz/projects/provenance/package.json?/@tiptap/react:^3.27.1" package="@tiptap/react:3.27.1" skipped="0" tests="1" timestamp="2026-07-31T12:43:38.135881">
                
    <testcase classname="dependency-check" name="@tiptap/react:3.27.1"/>
        
  </testsuite>
          
  <testsuite failures="0" errors="0" time="0" id="42" name="/Users/timothylefkowitz/projects/provenance/package.json?/@tiptap/starter-kit:^3.27.1" package="@tiptap/starter-kit:3.27.1" skipped="0" tests="1" timestamp="2026-07-31T12:43:38.135881">
                
    <testcase classname="dependency-check" name="@tiptap/starter-kit:3.27.1"/>
        
  </testsuite>
          
  <testsuite failures="0" errors="0" time="0" id="43" name="/Users/timothylefkowitz/projects/provenance/makerkit/nextjs-saas-starter-kit-lite/tooling/prettier/package.json?prettier-config:0.1.0/@trivago/prettier-plugin-sort-imports:5.2.2" package="@trivago/prettier-plugin-sort-imports:5.2.2" skipped="0" tests="1" timestamp="2026-07-31T12:43:38.135881">
                
    <testcase classname="dependency-check" name="@trivago/prettier-plugin-sort-imports:5.2.2"/>
        
  </testsuite>
          
  <testsuite failures="0" errors="0" time="0" id="44" name="/Users/timothylefkowitz/projects/provenance/makerkit/nextjs-saas-starter-kit-lite/tooling/eslint/package.json?eslint-config:0.2.0/@types/eslint:9.6.1" package="@types/eslint:9.6.1" skipped="0" tests="1" timestamp="2026-07-31T12:43:38.135881">
                
    <testcase classname="dependency-check" name="@types/eslint:9.6.1"/>
        
  </testsuite>
          
  <testsuite failures="0" errors="0" time="0" id="45" name="/Users/timothylefkowitz/projects/provenance/package.json?/@upstash/ratelimit:^2.0.8" package="@upstash/ratelimit:v2.0.8" skipped="0" tests="1" timestamp="2026-07-31T12:43:38.135881">
                
    <testcase classname="dependency-check" name="@upstash/ratelimit:v2.0.8"/>
        
  </testsuite>
          
  <testsuite failures="0" errors="0" time="0" id="46" name="/Users/timothylefkowitz/projects/provenance/package.json?/@upstash/redis:^1.38.0" package="@upstash/redis:1.38.0" skipped="0" tests="1" timestamp="2026-07-31T12:43:38.135881">
                
    <testcase classname="dependency-check" name="@upstash/redis:1.38.0"/>
        
  </testsuite>
          
  <testsuite failures="0" errors="0" time="0" id="47" name="/Users/timothylefkowitz/projects/provenance/package.json?/@vercel/analytics:^1.6.1" package="@vercel/analytics:1.6.1" skipped="0" tests="1" timestamp="2026-07-31T12:43:38.135881">
                
    <testcase classname="dependency-check" name="@vercel/analytics:1.6.1"/>
        
  </testsuite>
          
  <testsuite failures="0" errors="0" time="0" id="48" name="/Users/timothylefkowitz/projects/provenance/Test.js" package="Test.js" skipped="0" tests="1" timestamp="2026-07-31T12:43:38.135881">
                
    <testcase classname="dependency-check" name="Test.js"/>
        
  </testsuite>
          
  <testsuite failures="0" errors="0" time="0" id="49" name="/Users/timothylefkowitz/projects/provenance/package.json?/ai:^6.0.208" package="ai:6.0.208" skipped="0" tests="1" timestamp="2026-07-31T12:43:38.135881">
                
    <testcase classname="dependency-check" name="ai:6.0.208"/>
        
  </testsuite>
          
  <testsuite failures="0" errors="0" time="0" id="50" name="/Users/timothylefkowitz/projects/provenance/makerkit/nextjs-saas-starter-kit-lite/tooling/eslint/apps.js" package="apps.js" skipped="0" tests="1" timestamp="2026-07-31T12:43:38.135881">
                
    <testcase classname="dependency-check" name="apps.js"/>
        
  </testsuite>
          
  <testsuite failures="0" errors="0" time="0" id="51" name="/Users/timothylefkowitz/projects/provenance/makerkit/nextjs-saas-starter-kit-lite/tooling/eslint/base.js" package="base.js" skipped="0" tests="1" timestamp="2026-07-31T12:43:38.135881">
                
    <testcase classname="dependency-check" name="base.js"/>
        
  </testsuite>
          
  <testsuite failures="0" errors="0" time="0" id="52" name="/Users/timothylefkowitz/projects/provenance/pnpm-lock.yaml?brace-expansion" package="brace-expansion" skipped="1" tests="1" timestamp="2026-07-31T12:43:38.135881">
            
    <testcase classname="GHSA-mh99-v99m-4gvg" name="pkg:npm/brace-expansion">
                  
      <skipped message="False positive: pnpm-lock.yaml pins brace-expansion to 1.1.17 and 5.0.9, both          patched per the upstream advisory's own &quot;Patched versions&quot; list. See          docs/casa-evidence/dependency-scan-owasp.md for verification steps."/>
                  
      <system-out>### Summary

`expand()` bounds the *number* of results it produces (the `max` option,
`100_000` by default) but not their *length*. By chaining many brace groups,
an attacker keeps the result count under `max` while making every result grow
with the number of groups. Building `max` long results — plus the intermediate
arrays combined at each brace group — exhausts memory and crashes the Node
process with an **uncatchable** out-of-memory error. `try/catch` around
`expand()` does not help: the fatal error terminates the process.

A ~7.5 KB input (`'{a,b}'.repeat(1500)`) is enough to crash a default Node
process.

### Details

For `N` chained brace groups such as `'{a,b}'.repeat(N)`:

- the result count is `2^N`, immediately capped at `max` (`100_000`), so the
  `max` protection appears to hold, but
- each result is `N` characters long, so the total output size is
  `max × N` characters, which grows without bound in `N`.

`expand_` combines each brace set with the fully-expanded tail:

```js
const post = m.post.length ? expand_(m.post, max, false) : ['']
...
for (let j = 0; j &lt; N.length; j++) {
  for (let k = 0; k &lt; post.length &amp;&amp; expansions.length &lt; max; k++) {
    const expansion = pre + N[j] + post[k]   // grows one group longer per level
    ...
    expansions.push(expansion)
  }
}
```

The loop guard `expansions.length &lt; max` limits how many strings are built, but
nothing limits how long they get. Each recursion level materializes another
array of up to `max` strings, one character longer than the level below, and —
because V8 represents `pre + N[j] + post[k]` as a cons-string (rope) that
references `post[k]` — those intermediate strings stay reachable through the
whole chain. Memory therefore scales with `max × N`.

Measured on `5.0.7` (`'{a,b}'.repeat(N)`, default `max`):

| groups (N) | input bytes | result count | peak RSS |
|---|---|---|---|
| 20 | 100 | 100,000 | ~80 MB |
| 50 | 250 | 100,000 | ~214 MB |
| 100 | 500 | 100,000 | ~409 MB |
| 300 | 1,500 | 100,000 | ~1,148 MB |
| 1500 | 7,500 | — | **OOM crash** |

### Proof of concept

```js
const { expand } = require('brace-expansion')

// ~7.5 KB input — crashes the process with a fatal, uncatchable OOM:
//   FATAL ERROR: ... JavaScript heap out of memory
try {
  expand('{a,b}'.repeat(1500))
} catch (e) {
  // never reached — the process is already dead
}
```

### Impact

Any application that passes attacker-influenced strings to
`brace-expansion.expand()` — directly, or transitively via `minimatch` / `glob`
brace patterns — can be crashed by a small request. Because the failure is a
fatal V8 out-of-memory error rather than a thrown exception, it cannot be caught
and it takes down the whole worker/process, denying service.

### Remediation

Upgrade to a patched release. The fix bounds the total number of characters a
single `expand()` call may accumulate (`EXPANSION_MAX_LENGTH`, default
`4_000_000`, configurable via a new `maxLength` option), applied inside the
output-building loops so intermediate arrays are bounded too. Once the limit is
reached, output is truncated — consistent with how `max` already truncates —
instead of growing without bound. The limit sits well above any realistic
expansion (100,000 results hitting `max` measure ~1M characters), so legitimate
input is unaffected.

After the fix, `'{a,b}'.repeat(1500)` returns a bounded, truncated result in
~0.7 s using ~340 MB and never crashes, including under a constrained 512 MB
heap.

The fix bounds memory but the algorithm still rebuilds intermediate arrays at
each level (roughly `O(N × maxLength)` work on this input class). A streaming
rewrite that produces output in `O(total output size)` can be a non-urgent
follow-up.

If immediate upgrade isn't possible, avoid passing untrusted input to
`expand()` / glob brace patterns, or pass a small explicit `max` **and**
`maxLength`.</system-out>
                  
      <system-err>location: /Users/timothylefkowitz/projects/provenance/pnpm-lock.yaml?brace-expansion</system-err>
              
    </testcase>
        
  </testsuite>
          
  <testsuite failures="0" errors="0" time="0" id="53" name="/Users/timothylefkowitz/projects/provenance/makerkit/nextjs-saas-starter-kit-lite/packages/ui/package.json?ui:0.1.0/clsx:^2.1.1" package="clsx:2.1.1" skipped="0" tests="1" timestamp="2026-07-31T12:43:38.135881">
                
    <testcase classname="dependency-check" name="clsx:2.1.1"/>
        
  </testsuite>
          
  <testsuite failures="0" errors="0" time="0" id="54" name="/Users/timothylefkowitz/projects/provenance/makerkit/nextjs-saas-starter-kit-lite/packages/ui/package.json?ui:0.1.0/cmdk:1.1.1" package="cmdk:1.1.1" skipped="0" tests="1" timestamp="2026-07-31T12:43:38.135881">
                
    <testcase classname="dependency-check" name="cmdk:1.1.1"/>
        
  </testsuite>
          
  <testsuite failures="0" errors="0" time="0" id="55" name="/Users/timothylefkowitz/projects/provenance/makerkit/nextjs-saas-starter-kit-lite/tooling/eslint/package.json?eslint-config:0.2.0/eslint-config-next:16.0.6" package="eslint-config-next:16.0.6" skipped="0" tests="1" timestamp="2026-07-31T12:43:38.135881">
                
    <testcase classname="dependency-check" name="eslint-config-next:16.0.6"/>
        
  </testsuite>
          
  <testsuite failures="0" errors="0" time="0" id="56" name="/Users/timothylefkowitz/projects/provenance/makerkit/nextjs-saas-starter-kit-lite/tooling/eslint/package.json?eslint-config:0.2.0/eslint-config-turbo:^2.5.8" package="eslint-config-turbo:2.5.8" skipped="0" tests="1" timestamp="2026-07-31T12:43:38.135881">
                
    <testcase classname="dependency-check" name="eslint-config-turbo:2.5.8"/>
        
  </testsuite>
          
  <testsuite failures="0" errors="0" time="0" id="57" name="/Users/timothylefkowitz/projects/provenance/package.json?/exifr:^7.1.3" package="exifr:7.1.3" skipped="0" tests="1" timestamp="2026-07-31T12:43:38.135881">
                
    <testcase classname="dependency-check" name="exifr:7.1.3"/>
        
  </testsuite>
          
  <testsuite failures="0" errors="0" time="0" id="58" name="/Users/timothylefkowitz/projects/provenance/package.json?/ffmpeg-static:^5.2.0" package="ffmpeg-static:5.3.0" skipped="0" tests="1" timestamp="2026-07-31T12:43:38.135881">
                
    <testcase classname="dependency-check" name="ffmpeg-static:5.3.0"/>
        
  </testsuite>
          
  <testsuite failures="0" errors="0" time="0" id="59" name="/Users/timothylefkowitz/projects/provenance/package.json?/file-type:^22.0.1" package="file-type:22.0.1" skipped="0" tests="1" timestamp="2026-07-31T12:43:38.135881">
                
    <testcase classname="dependency-check" name="file-type:22.0.1"/>
        
  </testsuite>
          
  <testsuite failures="0" errors="0" time="0" id="60" name="/Users/timothylefkowitz/projects/provenance/package.json?/framer-motion:^12.40.0" package="framer-motion:12.40.0" skipped="0" tests="1" timestamp="2026-07-31T12:43:38.135881">
                
    <testcase classname="dependency-check" name="framer-motion:12.40.0"/>
        
  </testsuite>
          
  <testsuite failures="0" errors="0" time="0" id="61" name="/Users/timothylefkowitz/projects/provenance/package.json?/heic-convert:^2.1.0" package="heic-convert:2.1.0" skipped="0" tests="1" timestamp="2026-07-31T12:43:38.135881">
                
    <testcase classname="dependency-check" name="heic-convert:2.1.0"/>
        
  </testsuite>
          
  <testsuite failures="0" errors="0" time="0" id="62" name="/Users/timothylefkowitz/projects/provenance/makerkit/nextjs-saas-starter-kit-lite/packages/i18n/package.json?i18n:0.1.0/i18next-browser-languagedetector:8.2.0" package="i18next-browser-languagedetector:8.2.0" skipped="0" tests="1" timestamp="2026-07-31T12:43:38.135881">
                
    <testcase classname="dependency-check" name="i18next-browser-languagedetector:8.2.0"/>
        
  </testsuite>
          
  <testsuite failures="0" errors="0" time="0" id="63" name="/Users/timothylefkowitz/projects/provenance/makerkit/nextjs-saas-starter-kit-lite/packages/i18n/package.json?i18n:0.1.0/i18next-resources-to-backend:^1.2.1" package="i18next-resources-to-backend:1.2.1" skipped="0" tests="1" timestamp="2026-07-31T12:43:38.135881">
                
    <testcase classname="dependency-check" name="i18next-resources-to-backend:1.2.1"/>
        
  </testsuite>
          
  <testsuite failures="0" errors="0" time="0" id="64" name="/Users/timothylefkowitz/projects/provenance/makerkit/nextjs-saas-starter-kit-lite/packages/i18n/package.json?i18n:0.1.0/i18next:25.6.0" package="i18next:25.6.0" skipped="0" tests="1" timestamp="2026-07-31T12:43:38.135881">
                
    <testcase classname="dependency-check" name="i18next:25.6.0"/>
        
  </testsuite>
          
  <testsuite failures="0" errors="0" time="0" id="65" name="/Users/timothylefkowitz/projects/provenance/makerkit/nextjs-saas-starter-kit-lite/packages/ui/package.json?ui:0.1.0/input-otp:1.4.2" package="input-otp:1.4.2" skipped="0" tests="1" timestamp="2026-07-31T12:43:38.135881">
                
    <testcase classname="dependency-check" name="input-otp:1.4.2"/>
        
  </testsuite>
          
  <testsuite failures="0" errors="0" time="0" id="66" name="/Users/timothylefkowitz/projects/provenance/package.json?/leaflet:^1.9.4" package="leaflet:1.9.4" skipped="1" tests="1" timestamp="2026-07-31T12:43:38.135881">
            
    <testcase classname="CVE-2025-69993" name="pkg:npm/leaflet@1.9.4">
                  
      <skipped message="False positive: application only uses leaflet via react-leaflet's &lt;Popup&gt; component          API (React children, auto-escaped), never the raw bindPopup(string) HTML sink that          CVE-2025-69993 describes. See docs/casa-evidence/dependency-scan-owasp.md for detail."/>
                  
      <system-out>Leaflet versions up to and including 1.9.4 are vulnerable to Cross-Site Scripting (XSS) via the bindPopup() method. This method renders user-supplied input as raw HTML without sanitization, allowing attackers to inject arbitrary JavaScript code through event handler attributes (e.g., &lt;img src=x onerror="alert('XSS')"&gt;). When a victim views an affected map popup, the malicious script executes in the context of the victim's browser session.</system-out>
                  
      <system-err>location: /Users/timothylefkowitz/projects/provenance/package.json?/leaflet:^1.9.4</system-err>
              
    </testcase>
        
  </testsuite>
          
  <testsuite failures="0" errors="0" time="0" id="67" name="/Users/timothylefkowitz/projects/provenance/package.json?/lucide-react:^0.545.0" package="lucide-react:0.545.0" skipped="0" tests="1" timestamp="2026-07-31T12:43:38.135881">
                
    <testcase classname="dependency-check" name="lucide-react:0.545.0"/>
        
  </testsuite>
          
  <testsuite failures="0" errors="0" time="0" id="68" name="/Users/timothylefkowitz/projects/provenance/package.json?/mammoth:^1.12.0" package="mammoth:1.12.0" skipped="0" tests="1" timestamp="2026-07-31T12:43:38.135881">
                
    <testcase classname="dependency-check" name="mammoth:1.12.0"/>
        
  </testsuite>
          
  <testsuite failures="0" errors="0" time="0" id="69" name="/Users/timothylefkowitz/projects/provenance/package.json?/marked:^17.0.5" package="marked:17.0.5" skipped="0" tests="1" timestamp="2026-07-31T12:43:38.135881">
                
    <testcase classname="dependency-check" name="marked:17.0.5"/>
        
  </testsuite>
          
  <testsuite failures="0" errors="0" time="0" id="70" name="/Users/timothylefkowitz/projects/provenance/makerkit/nextjs-saas-starter-kit-lite/packages/features/accounts/package.json?accounts:0.1.0/nanoid:^5.1.6" package="nanoid:5.1.6" skipped="0" tests="1" timestamp="2026-07-31T12:43:38.135881">
                
    <testcase classname="dependency-check" name="nanoid:5.1.6"/>
        
  </testsuite>
          
  <testsuite failures="0" errors="0" time="0" id="71" name="/Users/timothylefkowitz/projects/provenance/package.json?/next-themes:0.4.6" package="next-themes:0.4.6" skipped="0" tests="1" timestamp="2026-07-31T12:43:38.135881">
                
    <testcase classname="dependency-check" name="next-themes:0.4.6"/>
        
  </testsuite>
          
  <testsuite failures="0" errors="0" time="0" id="72" name="/Users/timothylefkowitz/projects/provenance/package.json?/next:15.5.22" package="next:15.5.22" skipped="0" tests="1" timestamp="2026-07-31T12:43:38.135881">
                
    <testcase classname="dependency-check" name="next:15.5.22"/>
        
  </testsuite>
          
  <testsuite failures="0" errors="0" time="0" id="73" name="/Users/timothylefkowitz/projects/provenance/makerkit/nextjs-saas-starter-kit-lite/tooling/eslint/nextjs.js" package="nextjs.js" skipped="0" tests="1" timestamp="2026-07-31T12:43:38.135881">
                
    <testcase classname="dependency-check" name="nextjs.js"/>
        
  </testsuite>
          
  <testsuite failures="0" errors="0" time="0" id="74" name="/Users/timothylefkowitz/projects/provenance/package.json?/openai:^4.73.0" package="openai:4.104.0" skipped="0" tests="1" timestamp="2026-07-31T12:43:38.135881">
                
    <testcase classname="dependency-check" name="openai:4.104.0"/>
        
  </testsuite>
          
  <testsuite failures="0" errors="0" time="0" id="75" name="/Users/timothylefkowitz/projects/provenance/apps/api/package.json" package="package.json" skipped="0" tests="1" timestamp="2026-07-31T12:43:38.135881">
                
    <testcase classname="dependency-check" name="package.json"/>
        
  </testsuite>
          
  <testsuite failures="0" errors="0" time="0" id="76" name="/Users/timothylefkowitz/projects/provenance/apps/collectibles/package.json" package="package.json" skipped="0" tests="1" timestamp="2026-07-31T12:43:38.135881">
                
    <testcase classname="dependency-check" name="package.json"/>
        
  </testsuite>
          
  <testsuite failures="0" errors="0" time="0" id="77" name="/Users/timothylefkowitz/projects/provenance/apps/realestate/package.json" package="package.json" skipped="0" tests="1" timestamp="2026-07-31T12:43:38.135881">
                
    <testcase classname="dependency-check" name="package.json"/>
        
  </testsuite>
          
  <testsuite failures="0" errors="0" time="0" id="78" name="/Users/timothylefkowitz/projects/provenance/apps/vehicles/package.json" package="package.json" skipped="0" tests="1" timestamp="2026-07-31T12:43:38.135881">
                
    <testcase classname="dependency-check" name="package.json"/>
        
  </testsuite>
          
  <testsuite failures="0" errors="0" time="0" id="79" name="/Users/timothylefkowitz/projects/provenance/makerkit/nextjs-saas-starter-kit-lite/packages/shared/package.json" package="package.json" skipped="0" tests="1" timestamp="2026-07-31T12:43:38.135881">
                
    <testcase classname="dependency-check" name="package.json"/>
        
  </testsuite>
          
  <testsuite failures="0" errors="0" time="0" id="80" name="/Users/timothylefkowitz/projects/provenance/makerkit/nextjs-saas-starter-kit-lite/tooling/eslint/package.json" package="package.json" skipped="0" tests="1" timestamp="2026-07-31T12:43:38.135881">
                
    <testcase classname="dependency-check" name="package.json"/>
        
  </testsuite>
          
  <testsuite failures="0" errors="0" time="0" id="81" name="/Users/timothylefkowitz/projects/provenance/makerkit/nextjs-saas-starter-kit-lite/tooling/prettier/package.json" package="package.json" skipped="0" tests="1" timestamp="2026-07-31T12:43:38.135881">
                
    <testcase classname="dependency-check" name="package.json"/>
        
  </testsuite>
          
  <testsuite failures="0" errors="0" time="0" id="82" name="/Users/timothylefkowitz/projects/provenance/makerkit/nextjs-saas-starter-kit-lite/tooling/scripts/package.json" package="package.json" skipped="0" tests="1" timestamp="2026-07-31T12:43:38.135881">
                
    <testcase classname="dependency-check" name="package.json"/>
        
  </testsuite>
          
  <testsuite failures="0" errors="0" time="0" id="83" name="/Users/timothylefkowitz/projects/provenance/makerkit/nextjs-saas-starter-kit-lite/tooling/typescript/package.json" package="package.json" skipped="0" tests="1" timestamp="2026-07-31T12:43:38.135881">
                
    <testcase classname="dependency-check" name="package.json"/>
        
  </testsuite>
          
  <testsuite failures="0" errors="0" time="0" id="84" name="/Users/timothylefkowitz/projects/provenance/package.json" package="package.json" skipped="0" tests="1" timestamp="2026-07-31T12:43:38.135881">
                
    <testcase classname="dependency-check" name="package.json"/>
        
  </testsuite>
          
  <testsuite failures="0" errors="0" time="0" id="85" name="/Users/timothylefkowitz/projects/provenance/packages/core/package.json" package="package.json" skipped="0" tests="1" timestamp="2026-07-31T12:43:38.135881">
                
    <testcase classname="dependency-check" name="package.json"/>
        
  </testsuite>
          
  <testsuite failures="0" errors="0" time="0" id="86" name="/Users/timothylefkowitz/projects/provenance/packages/planet-artworks/package.json" package="package.json" skipped="0" tests="1" timestamp="2026-07-31T12:43:38.135881">
                
    <testcase classname="dependency-check" name="package.json"/>
        
  </testsuite>
          
  <testsuite failures="0" errors="0" time="0" id="87" name="/Users/timothylefkowitz/projects/provenance/packages/planet-collectibles/package.json" package="package.json" skipped="0" tests="1" timestamp="2026-07-31T12:43:38.135881">
                
    <testcase classname="dependency-check" name="package.json"/>
        
  </testsuite>
          
  <testsuite failures="0" errors="0" time="0" id="88" name="/Users/timothylefkowitz/projects/provenance/packages/planet-realestate/package.json" package="package.json" skipped="0" tests="1" timestamp="2026-07-31T12:43:38.135881">
                
    <testcase classname="dependency-check" name="package.json"/>
        
  </testsuite>
          
  <testsuite failures="0" errors="0" time="0" id="89" name="/Users/timothylefkowitz/projects/provenance/packages/planet-vehicles/package.json" package="package.json" skipped="0" tests="1" timestamp="2026-07-31T12:43:38.135881">
                
    <testcase classname="dependency-check" name="package.json"/>
        
  </testsuite>
          
  <testsuite failures="0" errors="0" time="0" id="90" name="/Users/timothylefkowitz/projects/provenance/packages/verification-engine/package.json" package="package.json" skipped="0" tests="1" timestamp="2026-07-31T12:43:38.135881">
                
    <testcase classname="dependency-check" name="package.json"/>
        
  </testsuite>
          
  <testsuite failures="0" errors="0" time="0" id="91" name="/Users/timothylefkowitz/projects/provenance/package.json?/pdf-lib:^1.17.1" package="pdf-lib:1.17.1" skipped="0" tests="1" timestamp="2026-07-31T12:43:38.135881">
                
    <testcase classname="dependency-check" name="pdf-lib:1.17.1"/>
        
  </testsuite>
          
  <testsuite failures="0" errors="0" time="0" id="92" name="/Users/timothylefkowitz/projects/provenance/package.json?/pdf-parse:^1.1.1" package="pdf-parse:1.1.4" skipped="0" tests="1" timestamp="2026-07-31T12:43:38.135881">
                
    <testcase classname="dependency-check" name="pdf-parse:1.1.4"/>
        
  </testsuite>
          
  <testsuite failures="0" errors="0" time="0" id="93" name="/Users/timothylefkowitz/projects/provenance/makerkit/nextjs-saas-starter-kit-lite/packages/shared/package.json?shared:0.1.0/pino:^10.0.0" package="pino:10.0.0" skipped="0" tests="1" timestamp="2026-07-31T12:43:38.135881">
                
    <testcase classname="dependency-check" name="pino:10.0.0"/>
        
  </testsuite>
          
  <testsuite failures="0" errors="0" time="0" id="94" name="/Users/timothylefkowitz/projects/provenance/makerkit/nextjs-saas-starter-kit-lite/tooling/prettier/package.json?prettier-config:0.1.0/prettier-plugin-tailwindcss:^0.6.14" package="prettier-plugin-tailwindcss:0.6.14" skipped="0" tests="1" timestamp="2026-07-31T12:43:38.135881">
                
    <testcase classname="dependency-check" name="prettier-plugin-tailwindcss:0.6.14"/>
        
  </testsuite>
          
  <testsuite failures="0" errors="0" time="0" id="95" name="/Users/timothylefkowitz/projects/provenance/makerkit/nextjs-saas-starter-kit-lite/tooling/prettier/package.json?prettier-config:0.1.0/prettier:^3.6.2" package="prettier:3.8.4" skipped="0" tests="1" timestamp="2026-07-31T12:43:38.135881">
                
    <testcase classname="dependency-check" name="prettier:3.8.4"/>
        
  </testsuite>
          
  <testsuite failures="0" errors="0" time="0" id="96" name="/Users/timothylefkowitz/projects/provenance/package.json?/qrcode.react:^4.2.0" package="qrcode.react:4.2.0" skipped="0" tests="1" timestamp="2026-07-31T12:43:38.135881">
                
    <testcase classname="dependency-check" name="qrcode.react:4.2.0"/>
        
  </testsuite>
          
  <testsuite failures="0" errors="0" time="0" id="97" name="/Users/timothylefkowitz/projects/provenance/package.json?/react-dom:19.2.7" package="react-dom:19.2.7" skipped="0" tests="1" timestamp="2026-07-31T12:43:38.135881">
                
    <testcase classname="dependency-check" name="react-dom:19.2.7"/>
        
  </testsuite>
          
  <testsuite failures="0" errors="0" time="0" id="98" name="/Users/timothylefkowitz/projects/provenance/package.json?/react-i18next:^16.0.0" package="react-i18next:16.0.0" skipped="0" tests="1" timestamp="2026-07-31T12:43:38.135881">
                
    <testcase classname="dependency-check" name="react-i18next:16.0.0"/>
        
  </testsuite>
          
  <testsuite failures="0" errors="0" time="0" id="99" name="/Users/timothylefkowitz/projects/provenance/package.json?/react-leaflet:^5.0.0" package="react-leaflet:5.0.0" skipped="0" tests="1" timestamp="2026-07-31T12:43:38.135881">
                
    <testcase classname="dependency-check" name="react-leaflet:5.0.0"/>
        
  </testsuite>
          
  <testsuite failures="0" errors="0" time="0" id="100" name="/Users/timothylefkowitz/projects/provenance/package.json?/react-markdown:^10.1.0" package="react-markdown:10.1.0" skipped="0" tests="1" timestamp="2026-07-31T12:43:38.135881">
                
    <testcase classname="dependency-check" name="react-markdown:10.1.0"/>
        
  </testsuite>
          
  <testsuite failures="0" errors="0" time="0" id="101" name="/Users/timothylefkowitz/projects/provenance/makerkit/nextjs-saas-starter-kit-lite/packages/ui/package.json?ui:0.1.0/react-top-loading-bar:3.0.2" package="react-top-loading-bar:3.0.2" skipped="0" tests="1" timestamp="2026-07-31T12:43:38.135881">
                
    <testcase classname="dependency-check" name="react-top-loading-bar:3.0.2"/>
        
  </testsuite>
          
  <testsuite failures="0" errors="0" time="0" id="102" name="/Users/timothylefkowitz/projects/provenance/package.json?/react:19.2.7" package="react:19.2.7" skipped="0" tests="1" timestamp="2026-07-31T12:43:38.135881">
                
    <testcase classname="dependency-check" name="react:19.2.7"/>
        
  </testsuite>
          
  <testsuite failures="0" errors="0" time="0" id="103" name="/Users/timothylefkowitz/projects/provenance/makerkit/nextjs-saas-starter-kit-lite/packages/ui/package.json?ui:0.1.0/recharts:2.15.3" package="recharts:2.15.3" skipped="0" tests="1" timestamp="2026-07-31T12:43:38.135881">
                
    <testcase classname="dependency-check" name="recharts:2.15.3"/>
        
  </testsuite>
          
  <testsuite failures="0" errors="0" time="0" id="104" name="/Users/timothylefkowitz/projects/provenance/package.json?/remark-gfm:^4.0.1" package="remark-gfm:4.0.1" skipped="0" tests="1" timestamp="2026-07-31T12:43:38.135881">
                
    <testcase classname="dependency-check" name="remark-gfm:4.0.1"/>
        
  </testsuite>
          
  <testsuite failures="0" errors="0" time="0" id="105" name="/Users/timothylefkowitz/projects/provenance/package.json?/resend:^4.0.0" package="resend:4.8.0" skipped="0" tests="1" timestamp="2026-07-31T12:43:38.135881">
                
    <testcase classname="dependency-check" name="resend:4.8.0"/>
        
  </testsuite>
          
  <testsuite failures="0" errors="0" time="0" id="106" name="/Users/timothylefkowitz/projects/provenance/package.json?/sanitize-html:^2.17.5" package="sanitize-html:2.17.5" skipped="0" tests="1" timestamp="2026-07-31T12:43:38.135881">
                
    <testcase classname="dependency-check" name="sanitize-html:2.17.5"/>
        
  </testsuite>
          
  <testsuite failures="0" errors="0" time="0" id="107" name="/Users/timothylefkowitz/projects/provenance/package.json?/sharp:^0.35.3" package="sharp:0.35.3" skipped="0" tests="1" timestamp="2026-07-31T12:43:38.135881">
                
    <testcase classname="dependency-check" name="sharp:0.35.3"/>
        
  </testsuite>
          
  <testsuite failures="0" errors="0" time="0" id="108" name="/Users/timothylefkowitz/projects/provenance/package.json?/sonner:^2.0.7" package="sonner:2.0.7" skipped="0" tests="1" timestamp="2026-07-31T12:43:38.135881">
                
    <testcase classname="dependency-check" name="sonner:2.0.7"/>
        
  </testsuite>
          
  <testsuite failures="0" errors="0" time="0" id="109" name="/Users/timothylefkowitz/projects/provenance/package.json?/stripe:^17.5.0" package="stripe:17.7.0" skipped="0" tests="1" timestamp="2026-07-31T12:43:38.135881">
                
    <testcase classname="dependency-check" name="stripe:17.7.0"/>
        
  </testsuite>
          
  <testsuite failures="0" errors="0" time="0" id="110" name="/Users/timothylefkowitz/projects/provenance/package.json?/tailwind-merge:^3.6.0" package="tailwind-merge:3.6.0" skipped="0" tests="1" timestamp="2026-07-31T12:43:38.135881">
                
    <testcase classname="dependency-check" name="tailwind-merge:3.6.0"/>
        
  </testsuite>
          
  <testsuite failures="0" errors="0" time="0" id="111" name="/Users/timothylefkowitz/projects/provenance/makerkit/nextjs-saas-starter-kit-lite/tooling/eslint/package.json?eslint-config:0.2.0/typescript-eslint:8.46.0" package="typescript-eslint:8.46.0" skipped="0" tests="1" timestamp="2026-07-31T12:43:38.135881">
                
    <testcase classname="dependency-check" name="typescript-eslint:8.46.0"/>
        
  </testsuite>
          
  <testsuite failures="0" errors="0" time="0" id="112" name="/Users/timothylefkowitz/projects/provenance/package.json?/zod:^3.25.32" package="zod:3.25.76" skipped="0" tests="1" timestamp="2026-07-31T12:43:38.135881">
                
    <testcase classname="dependency-check" name="zod:3.25.76"/>
        
  </testsuite>
  
</testsuites>
